Added Pin To Net: NetName=+3V Pin=C35-2
Added Pin To Net: NetName=+3V Pin=C38-2
Added Pin To Net: NetName=+3V Pin=C39-2
Added Pin To Net: NetName=+3V Pin=C45-1
Added Pin To Net: NetName=+3V Pin=C46-1
Added Pin To Net: NetName=+3V Pin=C47-1
Added Pin To Net: NetName=+3V Pin=C48-1
Added Pin To Net: NetName=+3V Pin=C49-1
Added Pin To Net: NetName=+3V Pin=C57-2
Added Pin To Net: NetName=+3V Pin=C59-1
Added Pin To Net: NetName=+3V Pin=DD2-1
Added Pin To Net: NetName=+3V Pin=DD2-9
Added Pin To Net: NetName=+3V Pin=DD2-24
Added Pin To Net: NetName=+3V Pin=DD2-36
Added Pin To Net: NetName=+3V Pin=DD2-48
Added Pin To Net: NetName=+3V Pin=DD3-1
Added Pin To Net: NetName=+3V Pin=DD6-5
Added Pin To Net: NetName=+3V Pin=R16-2
Added Pin To Net: NetName=+3V Pin=R30-1
Added Pin To Net: NetName=+3V Pin=R35-1
Added Pin To Net: NetName=+3V Pin=SW1-4
Added Pin To Net: NetName=+3V Pin=VD17-1
Added Pin To Net: NetName=+3V Pin=VD20-2
Added Pin To Net: NetName=+3V Pin=VD22-2
Added Pin To Net: NetName=+3V Pin=VT1-3
Added Pin To Net: NetName=+3V Pin=XP4-1
Added Net: Name=+3V
Added Pin To Net: NetName=+5 Pin=C51-2
Added Pin To Net: NetName=+5 Pin=C52-2
Added Pin To Net: NetName=+5 Pin=C55-2
Added Pin To Net: NetName=+5 Pin=DA4-5
Added Pin To Net: NetName=+5 Pin=DD6-1
Added Pin To Net: NetName=+5 Pin=DD6-3
Added Pin To Net: NetName=+5 Pin=L5-1
Added Pin To Net: NetName=+5 Pin=R24-2
Added Pin To Net: NetName=+5 Pin=SW1-3
Added Pin To Net: NetName=+5 Pin=VD14-1
Added Pin To Net: NetName=+5 Pin=XS1-1
Added Net: Name=+5
Added Pin To Net: NetName=+5V Pin=C37-2
Added Pin To Net: NetName=+5V Pin=C44-2
Added Pin To Net: NetName=+5V Pin=C50-2
Added Pin To Net: NetName=+5V Pin=C58-1
Added Pin To Net: NetName=+5V Pin=DD3-8
Added Pin To Net: NetName=+5V Pin=DD4-5
Added Pin To Net: NetName=+5V Pin=DD5-8
Added Pin To Net: NetName=+5V Pin=G2-4
Added Pin To Net: NetName=+5V Pin=VD18-1
Added Pin To Net: NetName=+5V Pin=VD21-2
Added Net: Name=+5V
Added Pin To Net: NetName=AIN Pin=DD2-10
Added Pin To Net: NetName=AIN Pin=R16-1
Added Pin To Net: NetName=AIN Pin=R17-2
Added Pin To Net: NetName=AIN Pin=R40-2
Added Pin To Net: NetName=AIN Pin=SW1-1
Added Net: Name=AIN
Added Pin To Net: NetName=GND1 Pin=C33-1
Added Pin To Net: NetName=GND1 Pin=C34-1
Added Pin To Net: NetName=GND1 Pin=C35-1
Added Pin To Net: NetName=GND1 Pin=C38-1
Added Pin To Net: NetName=GND1 Pin=C39-1
Added Pin To Net: NetName=GND1 Pin=C43-1
Added Pin To Net: NetName=GND1 Pin=C45-2
Added Pin To Net: NetName=GND1 Pin=C46-2
Added Pin To Net: NetName=GND1 Pin=C47-2
Added Pin To Net: NetName=GND1 Pin=C48-2
Added Pin To Net: NetName=GND1 Pin=C49-2
Added Pin To Net: NetName=GND1 Pin=C51-1
Added Pin To Net: NetName=GND1 Pin=C52-1
Added Pin To Net: NetName=GND1 Pin=C53-2
Added Pin To Net: NetName=GND1 Pin=C54-2
Added Pin To Net: NetName=GND1 Pin=C55-1
Added Pin To Net: NetName=GND1 Pin=C56-1
Added Pin To Net: NetName=GND1 Pin=C57-1
Added Pin To Net: NetName=GND1 Pin=C59-2
Added Pin To Net: NetName=GND1 Pin=DA4-2
Added Pin To Net: NetName=GND1 Pin=DD2-8
Added Pin To Net: NetName=GND1 Pin=DD2-20
Added Pin To Net: NetName=GND1 Pin=DD2-23
Added Pin To Net: NetName=GND1 Pin=DD2-35
Added Pin To Net: NetName=GND1 Pin=DD2-47
Added Pin To Net: NetName=GND1 Pin=DD3-4
Added Pin To Net: NetName=GND1 Pin=DD6-2
Added Pin To Net: NetName=GND1 Pin=G2-1
Added Pin To Net: NetName=GND1 Pin=R17-1
Added Pin To Net: NetName=GND1 Pin=R19-1
Added Pin To Net: NetName=GND1 Pin=R21-1
Added Pin To Net: NetName=GND1 Pin=R23-2
Added Pin To Net: NetName=GND1 Pin=R25-1
Added Pin To Net: NetName=GND1 Pin=R27-2
Added Pin To Net: NetName=GND1 Pin=R28-2
Added Pin To Net: NetName=GND1 Pin=R31-1
Added Pin To Net: NetName=GND1 Pin=R33-1
Added Pin To Net: NetName=GND1 Pin=R43-2
Added Pin To Net: NetName=GND1 Pin=VD20-1
Added Pin To Net: NetName=GND1 Pin=VD22-1
Added Pin To Net: NetName=GND1 Pin=XP3-3
Added Pin To Net: NetName=GND1 Pin=XP3-4
Added Pin To Net: NetName=GND1 Pin=XP4-3
Added Pin To Net: NetName=GND1 Pin=XS1-4
Added Pin To Net: NetName=GND1 Pin=XS1-5
Added Pin To Net: NetName=GND1 Pin=XS1-6
Added Net: Name=GND1
Added Pin To Net: NetName=GND2 Pin=C36-1
Added Pin To Net: NetName=GND2 Pin=C37-1
Added Pin To Net: NetName=GND2 Pin=C44-1
Added Pin To Net: NetName=GND2 Pin=C50-1
Added Pin To Net: NetName=GND2 Pin=C58-2
Added Pin To Net: NetName=GND2 Pin=DD3-5
Added Pin To Net: NetName=GND2 Pin=DD4-3
Added Pin To Net: NetName=GND2 Pin=DD5-5
Added Pin To Net: NetName=GND2 Pin=G2-3
Added Pin To Net: NetName=GND2 Pin=R34-1
Added Pin To Net: NetName=GND2 Pin=VD21-1
Added Pin To Net: NetName=GND2 Pin=XS2-3
Added Net: Name=GND2
Added Pin To Net: NetName=NetBQ2_1 Pin=BQ2-1
Added Pin To Net: NetName=NetBQ2_1 Pin=C34-2
Added Pin To Net: NetName=NetBQ2_1 Pin=DD2-5
Added Net: Name=NetBQ2_1
Added Pin To Net: NetName=NetBQ2_2 Pin=BQ2-2
Added Pin To Net: NetName=NetBQ2_2 Pin=C33-2
Added Pin To Net: NetName=NetBQ2_2 Pin=DD2-6
Added Net: Name=NetBQ2_2
Added Pin To Net: NetName=NetC36_2 Pin=C36-2
Added Pin To Net: NetName=NetC36_2 Pin=DD4-2
Added Pin To Net: NetName=NetC36_2 Pin=R32-2
Added Pin To Net: NetName=NetC36_2 Pin=VD15-1
Added Net: Name=NetC36_2
Added Pin To Net: NetName=NetC53_1 Pin=C53-1
Added Pin To Net: NetName=NetC53_1 Pin=C54-1
Added Pin To Net: NetName=NetC53_1 Pin=G2-2
Added Pin To Net: NetName=NetC53_1 Pin=L5-2
Added Net: Name=NetC53_1
Added Pin To Net: NetName=NetC56_2 Pin=C56-2
Added Pin To Net: NetName=NetC56_2 Pin=DD6-4
Added Net: Name=NetC56_2
Added Pin To Net: NetName=NetDA4_1 Pin=DA4-1
Added Pin To Net: NetName=NetDA4_1 Pin=R18-1
Added Net: Name=NetDA4_1
Added Pin To Net: NetName=NetDA4_3 Pin=DA4-3
Added Pin To Net: NetName=NetDA4_3 Pin=R20-1
Added Net: Name=NetDA4_3
Added Pin To Net: NetName=NetDD2_2 Pin=DD2-2
Added Pin To Net: NetName=NetDD2_2 Pin=R28-1
Added Net: Name=NetDD2_2
Added Pin To Net: NetName=NetDD2_3 Pin=DD2-3
Added Pin To Net: NetName=NetDD2_3 Pin=R27-1
Added Net: Name=NetDD2_3
Added Pin To Net: NetName=NetDD2_25 Pin=DD2-25
Added Pin To Net: NetName=NetDD2_25 Pin=R29-1
Added Net: Name=NetDD2_25
Added Pin To Net: NetName=NetDD2_39 Pin=DD2-39
Added Pin To Net: NetName=NetDD2_39 Pin=R30-2
Added Net: Name=NetDD2_39
Added Pin To Net: NetName=NetDD2_44 Pin=DD2-44
Added Pin To Net: NetName=NetDD2_44 Pin=R23-1
Added Net: Name=NetDD2_44
Added Pin To Net: NetName=NetDD3_6 Pin=DD3-6
Added Pin To Net: NetName=NetDD3_6 Pin=DD5-4
Added Pin To Net: NetName=NetDD3_6 Pin=R32-1
Added Pin To Net: NetName=NetDD3_6 Pin=VD15-2
Added Net: Name=NetDD3_6
Added Pin To Net: NetName=NetDD3_7 Pin=DD3-7
Added Pin To Net: NetName=NetDD3_7 Pin=DD5-1
Added Net: Name=NetDD3_7
Added Pin To Net: NetName=NetDD4_4 Pin=DD4-4
Added Pin To Net: NetName=NetDD4_4 Pin=DD5-2
Added Pin To Net: NetName=NetDD4_4 Pin=DD5-3
Added Net: Name=NetDD4_4
Added Pin To Net: NetName=NetDD5_6 Pin=DD5-6
Added Pin To Net: NetName=NetDD5_6 Pin=R37-1
Added Net: Name=NetDD5_6
Added Pin To Net: NetName=NetDD5_7 Pin=DD5-7
Added Pin To Net: NetName=NetDD5_7 Pin=R36-1
Added Net: Name=NetDD5_7
Added Pin To Net: NetName=NetJ1_1 Pin=J1-1
Added Pin To Net: NetName=NetJ1_1 Pin=R38-1
Added Net: Name=NetJ1_1
Added Pin To Net: NetName=NetJ1_2 Pin=J1-2
Added Pin To Net: NetName=NetJ1_2 Pin=R36-2
Added Pin To Net: NetName=NetJ1_2 Pin=VD19-1
Added Pin To Net: NetName=NetJ1_2 Pin=XS2-2
Added Net: Name=NetJ1_2
Added Pin To Net: NetName=NetR18_2 Pin=R18-2
Added Pin To Net: NetName=NetR18_2 Pin=XS1-2
Added Net: Name=NetR18_2
Added Pin To Net: NetName=NetR19_2 Pin=R19-2
Added Pin To Net: NetName=NetR19_2 Pin=VD12-2
Added Net: Name=NetR19_2
Added Pin To Net: NetName=NetR20_2 Pin=R20-2
Added Pin To Net: NetName=NetR20_2 Pin=R22-2
Added Pin To Net: NetName=NetR20_2 Pin=XS1-3
Added Net: Name=NetR20_2
Added Pin To Net: NetName=NetR21_2 Pin=R21-2
Added Pin To Net: NetName=NetR21_2 Pin=VD13-2
Added Net: Name=NetR21_2
Added Pin To Net: NetName=NetR22_1 Pin=R22-1
Added Pin To Net: NetName=NetR22_1 Pin=VT1-2
Added Net: Name=NetR22_1
Added Pin To Net: NetName=NetR24_1 Pin=R24-1
Added Pin To Net: NetName=NetR24_1 Pin=R25-2
Added Pin To Net: NetName=NetR24_1 Pin=R26-2
Added Pin To Net: NetName=NetR24_1 Pin=VT1-1
Added Net: Name=NetR24_1
Added Pin To Net: NetName=NetR31_2 Pin=R31-2
Added Pin To Net: NetName=NetR31_2 Pin=VD14-2
Added Net: Name=NetR31_2
Added Pin To Net: NetName=NetR33_2 Pin=R33-2
Added Pin To Net: NetName=NetR33_2 Pin=VD17-2
Added Net: Name=NetR33_2
Added Pin To Net: NetName=NetR34_2 Pin=R34-2
Added Pin To Net: NetName=NetR34_2 Pin=VD18-2
Added Net: Name=NetR34_2
Added Pin To Net: NetName=NetR37_2 Pin=R37-2
Added Pin To Net: NetName=NetR37_2 Pin=R38-2
Added Pin To Net: NetName=NetR37_2 Pin=VD19-2
Added Pin To Net: NetName=NetR37_2 Pin=XS2-1
Added Net: Name=NetR37_2
Added Pin To Net: NetName=NetR39_1 Pin=R39-1
Added Pin To Net: NetName=NetR39_1 Pin=XP3-1
Added Net: Name=NetR39_1
Added Pin To Net: NetName=NetR40_1 Pin=R40-1
Added Pin To Net: NetName=NetR40_1 Pin=XP3-7
Added Pin To Net: NetName=NetR40_1 Pin=XP3-8
Added Net: Name=NetR40_1
Added Pin To Net: NetName=NetR41_1 Pin=R41-1
Added Pin To Net: NetName=NetR41_1 Pin=XP3-2
Added Net: Name=NetR41_1
Added Pin To Net: NetName=NetR42_1 Pin=R42-1
Added Pin To Net: NetName=NetR42_1 Pin=XP3-6
Added Net: Name=NetR42_1
Added Pin To Net: NetName=NetSW1_2 Pin=SW1-2
Added Pin To Net: NetName=NetSW1_2 Pin=XP3-9
Added Pin To Net: NetName=NetSW1_2 Pin=XP3-10
Added Net: Name=NetSW1_2
Added Pin To Net: NetName=NRST_MC Pin=C43-2
Added Pin To Net: NetName=NRST_MC Pin=DD2-7
Added Pin To Net: NetName=NRST_MC Pin=R35-2
Added Pin To Net: NetName=NRST_MC Pin=XP4-5
Added Net: Name=NRST_MC
Added Pin To Net: NetName=NRST Pin=DD2-18
Added Pin To Net: NetName=NRST Pin=R39-2
Added Net: Name=NRST
Added Pin To Net: NetName=RS_RX Pin=DD2-13
Added Pin To Net: NetName=RS_RX Pin=DD3-2
Added Pin To Net: NetName=RS_RX Pin=VD13-1
Added Net: Name=RS_RX
Added Pin To Net: NetName=RS_TX Pin=DD2-12
Added Pin To Net: NetName=RS_TX Pin=DD3-3
Added Pin To Net: NetName=RS_TX Pin=VD12-1
Added Net: Name=RS_TX
Added Pin To Net: NetName=SWCLK_MC Pin=DD2-37
Added Pin To Net: NetName=SWCLK_MC Pin=XP4-2
Added Net: Name=SWCLK_MC
Added Pin To Net: NetName=SWCLK Pin=DD2-15
Added Pin To Net: NetName=SWCLK Pin=DD2-26
Added Pin To Net: NetName=SWCLK Pin=R42-2
Added Net: Name=SWCLK
Added Pin To Net: NetName=SWDIO_MC Pin=DD2-34
Added Pin To Net: NetName=SWDIO_MC Pin=R43-1
Added Pin To Net: NetName=SWDIO_MC Pin=XP4-4
Added Net: Name=SWDIO_MC
Added Pin To Net: NetName=SWDIO Pin=DD2-27
Added Pin To Net: NetName=SWDIO Pin=R29-2
Added Pin To Net: NetName=SWDIO Pin=R41-2
Added Net: Name=SWDIO
Added Pin To Net: NetName=USB_DM Pin=DA4-6
Added Pin To Net: NetName=USB_DM Pin=DD2-32
Added Net: Name=USB_DM
Added Pin To Net: NetName=USB_DP Pin=DA4-4
Added Pin To Net: NetName=USB_DP Pin=DD2-33
Added Net: Name=USB_DP
Added Pin To Net: NetName=USB_ReNumn Pin=DD2-38
Added Pin To Net: NetName=USB_ReNumn Pin=R26-1
Added Net: Name=USB_ReNumn
