Change component parameters: Designator = "C33"; Footprint = "CAP_0805_(2x1.25x1.3)"; UniqueID = "\IIVFKKBD"
Change component parameters. Clean all parameters for all variants
Change component parameters (AddParameter): Name = "Идентификатор"; Value = ""; VariantName = "[No Variations]"
Change component parameters (AddParameter): Name = "Корпус"; Value = "0805"; VariantName = "[No Variations]"
Change component parameters (AddParameter): Name = "Наименование"; Value = ""; VariantName = "[No Variations]"
Change component parameters (AddParameter): Name = "Напряжение"; Value = "50 В"; VariantName = "[No Variations]"
Change component parameters (AddParameter): Name = "Номинал"; Value = "20pF"; VariantName = "[No Variations]"
Change component parameters (AddParameter): Name = "Поставщик"; Value = ""; VariantName = "[No Variations]"
Change component parameters (AddParameter): Name = "Примечания"; Value = ""; VariantName = "[No Variations]"
Change component parameters (AddParameter): Name = "Тип"; Value = "Конденсатор"; VariantName = "[No Variations]"
Change component parameters: Designator = "C34"; Footprint = "CAP_0805_(2x1.25x1.3)"; UniqueID = "\DFYGVAFZ"
Change component parameters. Clean all parameters for all variants
Change component parameters (AddParameter): Name = "Идентификатор"; Value = ""; VariantName = "[No Variations]"
Change component parameters (AddParameter): Name = "Корпус"; Value = "0805"; VariantName = "[No Variations]"
Change component parameters (AddParameter): Name = "Наименование"; Value = ""; VariantName = "[No Variations]"
Change component parameters (AddParameter): Name = "Напряжение"; Value = "50 В"; VariantName = "[No Variations]"
Change component parameters (AddParameter): Name = "Номинал"; Value = "20pF"; VariantName = "[No Variations]"
Change component parameters (AddParameter): Name = "Поставщик"; Value = ""; VariantName = "[No Variations]"
Change component parameters (AddParameter): Name = "Примечания"; Value = ""; VariantName = "[No Variations]"
Change component parameters (AddParameter): Name = "Тип"; Value = "Конденсатор"; VariantName = "[No Variations]"
Change component parameters: Designator = "BQ2"; Footprint = "Xtal"; UniqueID = "\MOPBEKMS"
Change component parameters. Clean all parameters for all variants
Change component parameters (AddParameter): Name = "Идентификатор"; Value = ""; VariantName = "[No Variations]"
Change component parameters (AddParameter): Name = "Корпус"; Value = ""; VariantName = "[No Variations]"
Change component parameters (AddParameter): Name = "Наименование"; Value = "8.00M-HC49-S"; VariantName = "[No Variations]"
Change component parameters (AddParameter): Name = "Напряжение"; Value = ""; VariantName = "[No Variations]"
Change component parameters (AddParameter): Name = "Номинал"; Value = ""; VariantName = "[No Variations]"
Change component parameters (AddParameter): Name = "Поставщик"; Value = ""; VariantName = "[No Variations]"
Change component parameters (AddParameter): Name = "Примечания"; Value = ""; VariantName = "[No Variations]"
Change component parameters (AddParameter): Name = "Тип"; Value = ""; VariantName = "[No Variations]"
Change component parameters: Designator = "C35"; Footprint = "CAP_0805_(2x1.25x1.3)"; UniqueID = "\JXLDIVJY"
Change component parameters. Clean all parameters for all variants
Change component parameters (AddParameter): Name = "Идентификатор"; Value = ""; VariantName = "[No Variations]"
Change component parameters (AddParameter): Name = "Корпус"; Value = "0805"; VariantName = "[No Variations]"
Change component parameters (AddParameter): Name = "Наименование"; Value = "VJ0805Y104KXACW1BC"; VariantName = "[No Variations]"
Change component parameters (AddParameter): Name = "Напряжение"; Value = ""; VariantName = "[No Variations]"
Change component parameters (AddParameter): Name = "Номинал"; Value = "0.1uF"; VariantName = "[No Variations]"
Change component parameters (AddParameter): Name = "Поставщик"; Value = ""; VariantName = "[No Variations]"
Change component parameters (AddParameter): Name = "Примечания"; Value = ""; VariantName = "[No Variations]"
Change component parameters (AddParameter): Name = "Тип"; Value = "Конденсатор"; VariantName = "[No Variations]"
Change component parameters: Designator = "C36"; Footprint = "CAP_0805_(2x1.25x1.3)"; UniqueID = "\EKEPVHWS"
Change component parameters. Clean all parameters for all variants
Change component parameters (AddParameter): Name = "Идентификатор"; Value = ""; VariantName = "[No Variations]"
Change component parameters (AddParameter): Name = "Корпус"; Value = "0805"; VariantName = "[No Variations]"
Change component parameters (AddParameter): Name = "Наименование"; Value = "GRM216R71H102K"; VariantName = "[No Variations]"
Change component parameters (AddParameter): Name = "Напряжение"; Value = ""; VariantName = "[No Variations]"
Change component parameters (AddParameter): Name = "Номинал"; Value = "1nF"; VariantName = "[No Variations]"
Change component parameters (AddParameter): Name = "Поставщик"; Value = ""; VariantName = "[No Variations]"
Change component parameters (AddParameter): Name = "Примечания"; Value = ""; VariantName = "[No Variations]"
Change component parameters (AddParameter): Name = "Тип"; Value = "Конденсатор"; VariantName = "[No Variations]"
Change component parameters: Designator = "C37"; Footprint = "CAP_0805_(2x1.25x1.3)"; UniqueID = "\MMMIZPAL"
Change component parameters. Clean all parameters for all variants
Change component parameters (AddParameter): Name = "Идентификатор"; Value = ""; VariantName = "[No Variations]"
Change component parameters (AddParameter): Name = "Корпус"; Value = "0805"; VariantName = "[No Variations]"
Change component parameters (AddParameter): Name = "Наименование"; Value = "VJ0805Y104KXACW1BC"; VariantName = "[No Variations]"
Change component parameters (AddParameter): Name = "Напряжение"; Value = ""; VariantName = "[No Variations]"
Change component parameters (AddParameter): Name = "Номинал"; Value = "0.1uF"; VariantName = "[No Variations]"
Change component parameters (AddParameter): Name = "Поставщик"; Value = ""; VariantName = "[No Variations]"
Change component parameters (AddParameter): Name = "Примечания"; Value = ""; VariantName = "[No Variations]"
Change component parameters (AddParameter): Name = "Тип"; Value = "Конденсатор"; VariantName = "[No Variations]"
Change component parameters: Designator = "C39"; Footprint = "CAP_0805_(2x1.25x1.3)"; UniqueID = "\CTARZZNO"
Change component parameters. Clean all parameters for all variants
Change component parameters (AddParameter): Name = "Идентификатор"; Value = "VJ0805Y104KXACW1BC"; VariantName = "[No Variations]"
Change component parameters (AddParameter): Name = "Корпус"; Value = "0805"; VariantName = "[No Variations]"
Change component parameters (AddParameter): Name = "Наименование"; Value = "VJ0805Y104KXACW1BC"; VariantName = "[No Variations]"
Change component parameters (AddParameter): Name = "Напряжение"; Value = "50 В"; VariantName = "[No Variations]"
Change component parameters (AddParameter): Name = "Номинал"; Value = "0.1u"; VariantName = "[No Variations]"
Change component parameters (AddParameter): Name = "Поставщик"; Value = ""; VariantName = "[No Variations]"
Change component parameters (AddParameter): Name = "Примечания"; Value = ""; VariantName = "[No Variations]"
Change component parameters (AddParameter): Name = "Тип"; Value = "Конденсатор"; VariantName = "[No Variations]"
Change component parameters: Designator = "C43"; Footprint = "CAP_0805_(2x1.25x1.3)"; UniqueID = "\FYEPKNWE"
Change component parameters. Clean all parameters for all variants
Change component parameters (AddParameter): Name = "Идентификатор"; Value = "VJ0805Y104KXACW1BC"; VariantName = "[No Variations]"
Change component parameters (AddParameter): Name = "Корпус"; Value = "0805"; VariantName = "[No Variations]"
Change component parameters (AddParameter): Name = "Наименование"; Value = "VJ0805Y104KXACW1BC"; VariantName = "[No Variations]"
Change component parameters (AddParameter): Name = "Напряжение"; Value = "50 В"; VariantName = "[No Variations]"
Change component parameters (AddParameter): Name = "Номинал"; Value = "0.1u"; VariantName = "[No Variations]"
Change component parameters (AddParameter): Name = "Поставщик"; Value = ""; VariantName = "[No Variations]"
Change component parameters (AddParameter): Name = "Примечания"; Value = ""; VariantName = "[No Variations]"
Change component parameters (AddParameter): Name = "Тип"; Value = "Конденсатор"; VariantName = "[No Variations]"
Change component parameters: Designator = "C44"; Footprint = "CAP_0805_(2x1.25x1.3)"; UniqueID = "\VJNKSXQI"
Change component parameters. Clean all parameters for all variants
Change component parameters (AddParameter): Name = "Идентификатор"; Value = ""; VariantName = "[No Variations]"
Change component parameters (AddParameter): Name = "Корпус"; Value = "0805"; VariantName = "[No Variations]"
Change component parameters (AddParameter): Name = "Наименование"; Value = "VJ0805Y104KXACW1BC"; VariantName = "[No Variations]"
Change component parameters (AddParameter): Name = "Напряжение"; Value = ""; VariantName = "[No Variations]"
Change component parameters (AddParameter): Name = "Номинал"; Value = "0.1uF"; VariantName = "[No Variations]"
Change component parameters (AddParameter): Name = "Поставщик"; Value = ""; VariantName = "[No Variations]"
Change component parameters (AddParameter): Name = "Примечания"; Value = ""; VariantName = "[No Variations]"
Change component parameters (AddParameter): Name = "Тип"; Value = "Конденсатор"; VariantName = "[No Variations]"
Change component parameters: Designator = "C45"; Footprint = "CAP_0805_(2x1.25x1.3)"; UniqueID = "\GODHUCZV"
Change component parameters. Clean all parameters for all variants
Change component parameters (AddParameter): Name = "Идентификатор"; Value = "CC0805JRX7R9BB103"; VariantName = "[No Variations]"
Change component parameters (AddParameter): Name = "Корпус"; Value = "0805"; VariantName = "[No Variations]"
Change component parameters (AddParameter): Name = "Наименование"; Value = "CC0805JRX7R9BB103"; VariantName = "[No Variations]"
Change component parameters (AddParameter): Name = "Напряжение"; Value = "50 В"; VariantName = "[No Variations]"
Change component parameters (AddParameter): Name = "Номинал"; Value = "10n"; VariantName = "[No Variations]"
Change component parameters (AddParameter): Name = "Поставщик"; Value = ""; VariantName = "[No Variations]"
Change component parameters (AddParameter): Name = "Примечания"; Value = ""; VariantName = "[No Variations]"
Change component parameters (AddParameter): Name = "Тип"; Value = "Конденсатор"; VariantName = "[No Variations]"
Change component parameters: Designator = "C46"; Footprint = "CAP_0805_(2x1.25x1.3)"; UniqueID = "\OEOWAKUF"
Change component parameters. Clean all parameters for all variants
Change component parameters (AddParameter): Name = "Идентификатор"; Value = "CC0805JRX7R9BB103"; VariantName = "[No Variations]"
Change component parameters (AddParameter): Name = "Корпус"; Value = "0805"; VariantName = "[No Variations]"
Change component parameters (AddParameter): Name = "Наименование"; Value = "CC0805JRX7R9BB103"; VariantName = "[No Variations]"
Change component parameters (AddParameter): Name = "Напряжение"; Value = "50 В"; VariantName = "[No Variations]"
Change component parameters (AddParameter): Name = "Номинал"; Value = "10n"; VariantName = "[No Variations]"
Change component parameters (AddParameter): Name = "Поставщик"; Value = ""; VariantName = "[No Variations]"
Change component parameters (AddParameter): Name = "Примечания"; Value = ""; VariantName = "[No Variations]"
Change component parameters (AddParameter): Name = "Тип"; Value = "Конденсатор"; VariantName = "[No Variations]"
Change component parameters: Designator = "C47"; Footprint = "CAP_0805_(2x1.25x1.3)"; UniqueID = "\UEMZSTNI"
Change component parameters. Clean all parameters for all variants
Change component parameters (AddParameter): Name = "Идентификатор"; Value = "CC0805JKX7R9BB105"; VariantName = "[No Variations]"
Change component parameters (AddParameter): Name = "Корпус"; Value = "0805"; VariantName = "[No Variations]"
Change component parameters (AddParameter): Name = "Наименование"; Value = "CC0805JRX7R9BB103"; VariantName = "[No Variations]"
Change component parameters (AddParameter): Name = "Напряжение"; Value = "50 В"; VariantName = "[No Variations]"
Change component parameters (AddParameter): Name = "Номинал"; Value = "1u"; VariantName = "[No Variations]"
Change component parameters (AddParameter): Name = "Поставщик"; Value = ""; VariantName = "[No Variations]"
Change component parameters (AddParameter): Name = "Примечания"; Value = ""; VariantName = "[No Variations]"
Change component parameters (AddParameter): Name = "Тип"; Value = "Конденсатор"; VariantName = "[No Variations]"
Change component parameters: Designator = "C48"; Footprint = "CAP_0805_(2x1.25x1.3)"; UniqueID = "\FHKENHCM"
Change component parameters. Clean all parameters for all variants
Change component parameters (AddParameter): Name = "Идентификатор"; Value = "CC0805JKX7R9BB105"; VariantName = "[No Variations]"
Change component parameters (AddParameter): Name = "Корпус"; Value = "0805"; VariantName = "[No Variations]"
Change component parameters (AddParameter): Name = "Наименование"; Value = "CC0805JRX7R9BB103"; VariantName = "[No Variations]"
Change component parameters (AddParameter): Name = "Напряжение"; Value = "50 В"; VariantName = "[No Variations]"
Change component parameters (AddParameter): Name = "Номинал"; Value = "1u"; VariantName = "[No Variations]"
Change component parameters (AddParameter): Name = "Поставщик"; Value = ""; VariantName = "[No Variations]"
Change component parameters (AddParameter): Name = "Примечания"; Value = ""; VariantName = "[No Variations]"
Change component parameters (AddParameter): Name = "Тип"; Value = "Конденсатор"; VariantName = "[No Variations]"
Change component parameters: Designator = "C49"; Footprint = "CAP_TAN_B"; UniqueID = "\PHKRBOOL"
Change component parameters. Clean all parameters for all variants
Change component parameters (AddParameter): Name = "Идентификатор"; Value = "293D226X9010A2TE3"; VariantName = "[No Variations]"
Change component parameters (AddParameter): Name = "Корпус"; Value = "A"; VariantName = "[No Variations]"
Change component parameters (AddParameter): Name = "Наименование"; Value = "293D226X9010A2TE3"; VariantName = "[No Variations]"
Change component parameters (AddParameter): Name = "Напряжение"; Value = "10 В"; VariantName = "[No Variations]"
Change component parameters (AddParameter): Name = "Номинал"; Value = "22u"; VariantName = "[No Variations]"
Change component parameters (AddParameter): Name = "Поставщик"; Value = ""; VariantName = "[No Variations]"
Change component parameters (AddParameter): Name = "Примечания"; Value = ""; VariantName = "[No Variations]"
Change component parameters (AddParameter): Name = "Тип"; Value = "Конденсатор танталовый"; VariantName = "[No Variations]"
Change component parameters: Designator = "C50"; Footprint = "CAP_0805_(2x1.25x1.3)"; UniqueID = "\FYONMQCW"
Change component parameters. Clean all parameters for all variants
Change component parameters (AddParameter): Name = "Идентификатор"; Value = ""; VariantName = "[No Variations]"
Change component parameters (AddParameter): Name = "Корпус"; Value = "0805"; VariantName = "[No Variations]"
Change component parameters (AddParameter): Name = "Наименование"; Value = "VJ0805Y104KXACW1BC"; VariantName = "[No Variations]"
Change component parameters (AddParameter): Name = "Напряжение"; Value = ""; VariantName = "[No Variations]"
Change component parameters (AddParameter): Name = "Номинал"; Value = "0.1uF"; VariantName = "[No Variations]"
Change component parameters (AddParameter): Name = "Поставщик"; Value = ""; VariantName = "[No Variations]"
Change component parameters (AddParameter): Name = "Примечания"; Value = ""; VariantName = "[No Variations]"
Change component parameters (AddParameter): Name = "Тип"; Value = "Конденсатор"; VariantName = "[No Variations]"
Change component parameters: Designator = "C51"; Footprint = "CAP_0805_(2x1.25x1.3)"; UniqueID = "\WUPNMMDD"
Change component parameters. Clean all parameters for all variants
Change component parameters (AddParameter): Name = "Идентификатор"; Value = "VJ0805Y104KXACW1BC"; VariantName = "[No Variations]"
Change component parameters (AddParameter): Name = "Корпус"; Value = "0805"; VariantName = "[No Variations]"
Change component parameters (AddParameter): Name = "Наименование"; Value = "VJ0805Y104KXACW1BC"; VariantName = "[No Variations]"
Change component parameters (AddParameter): Name = "Напряжение"; Value = "50 В"; VariantName = "[No Variations]"
Change component parameters (AddParameter): Name = "Номинал"; Value = "0.1u"; VariantName = "[No Variations]"
Change component parameters (AddParameter): Name = "Поставщик"; Value = ""; VariantName = "[No Variations]"
Change component parameters (AddParameter): Name = "Примечания"; Value = ""; VariantName = "[No Variations]"
Change component parameters (AddParameter): Name = "Тип"; Value = "Конденсатор"; VariantName = "[No Variations]"
Change component parameters: Designator = "C52"; Footprint = "CAP_0805_(2x1.25x1.3)"; UniqueID = "\GGFSZPPV"
Change component parameters. Clean all parameters for all variants
Change component parameters (AddParameter): Name = "Идентификатор"; Value = ""; VariantName = "[No Variations]"
Change component parameters (AddParameter): Name = "Корпус"; Value = "0805"; VariantName = "[No Variations]"
Change component parameters (AddParameter): Name = "Наименование"; Value = "CC0805JKX7R9BB105"; VariantName = "[No Variations]"
Change component parameters (AddParameter): Name = "Напряжение"; Value = ""; VariantName = "[No Variations]"
Change component parameters (AddParameter): Name = "Номинал"; Value = "1uF"; VariantName = "[No Variations]"
Change component parameters (AddParameter): Name = "Поставщик"; Value = ""; VariantName = "[No Variations]"
Change component parameters (AddParameter): Name = "Примечания"; Value = ""; VariantName = "[No Variations]"
Change component parameters (AddParameter): Name = "Тип"; Value = "Конденсатор"; VariantName = "[No Variations]"
Change component parameters: Designator = "C53"; Footprint = "CAP_0805_(2x1.25x1.3)"; UniqueID = "\SBYBWUJS"
Change component parameters. Clean all parameters for all variants
Change component parameters (AddParameter): Name = "Идентификатор"; Value = "CC0805JKX7R9BB105"; VariantName = "[No Variations]"
Change component parameters (AddParameter): Name = "Корпус"; Value = "0805"; VariantName = "[No Variations]"
Change component parameters (AddParameter): Name = "Наименование"; Value = "CC0805JKX7R9BB105"; VariantName = "[No Variations]"
Change component parameters (AddParameter): Name = "Напряжение"; Value = "50 В"; VariantName = "[No Variations]"
Change component parameters (AddParameter): Name = "Номинал"; Value = "1u"; VariantName = "[No Variations]"
Change component parameters (AddParameter): Name = "Поставщик"; Value = ""; VariantName = "[No Variations]"
Change component parameters (AddParameter): Name = "Примечания"; Value = ""; VariantName = "[No Variations]"
Change component parameters (AddParameter): Name = "Тип"; Value = "Конденсатор"; VariantName = "[No Variations]"
Change component parameters: Designator = "C54"; Footprint = "CAP_TAN_B"; UniqueID = "\AAMWFJMI"
Change component parameters. Clean all parameters for all variants
Change component parameters (AddParameter): Name = "Идентификатор"; Value = "293D226X9010A2TE3"; VariantName = "[No Variations]"
Change component parameters (AddParameter): Name = "Корпус"; Value = "A"; VariantName = "[No Variations]"
Change component parameters (AddParameter): Name = "Наименование"; Value = "293D226X9010A2TE3"; VariantName = "[No Variations]"
Change component parameters (AddParameter): Name = "Напряжение"; Value = "10 В"; VariantName = "[No Variations]"
Change component parameters (AddParameter): Name = "Номинал"; Value = "22u"; VariantName = "[No Variations]"
Change component parameters (AddParameter): Name = "Поставщик"; Value = ""; VariantName = "[No Variations]"
Change component parameters (AddParameter): Name = "Примечания"; Value = ""; VariantName = "[No Variations]"
Change component parameters (AddParameter): Name = "Тип"; Value = "Конденсатор танталовый"; VariantName = "[No Variations]"
Change component parameters: Designator = "C55"; Footprint = "CAP_0805_(2x1.25x1.3)"; UniqueID = "\XVEJEEPJ"
Change component parameters. Clean all parameters for all variants
Change component parameters (AddParameter): Name = "Идентификатор"; Value = ""; VariantName = "[No Variations]"
Change component parameters (AddParameter): Name = "Корпус"; Value = "0805"; VariantName = "[No Variations]"
Change component parameters (AddParameter): Name = "Наименование"; Value = "VJ0805Y104KXACW1BC"; VariantName = "[No Variations]"
Change component parameters (AddParameter): Name = "Напряжение"; Value = ""; VariantName = "[No Variations]"
Change component parameters (AddParameter): Name = "Номинал"; Value = "100nF"; VariantName = "[No Variations]"
Change component parameters (AddParameter): Name = "Поставщик"; Value = ""; VariantName = "[No Variations]"
Change component parameters (AddParameter): Name = "Примечания"; Value = ""; VariantName = "[No Variations]"
Change component parameters (AddParameter): Name = "Тип"; Value = "Конденсатор"; VariantName = "[No Variations]"
Change component parameters: Designator = "C56"; Footprint = "CAP_0805_(2x1.25x1.3)"; UniqueID = "\GKWBESOD"
Change component parameters. Clean all parameters for all variants
Change component parameters (AddParameter): Name = "Идентификатор"; Value = ""; VariantName = "[No Variations]"
Change component parameters (AddParameter): Name = "Корпус"; Value = "0805"; VariantName = "[No Variations]"
Change component parameters (AddParameter): Name = "Наименование"; Value = "CC0805JRX7R9BB103"; VariantName = "[No Variations]"
Change component parameters (AddParameter): Name = "Напряжение"; Value = ""; VariantName = "[No Variations]"
Change component parameters (AddParameter): Name = "Номинал"; Value = "10nF"; VariantName = "[No Variations]"
Change component parameters (AddParameter): Name = "Поставщик"; Value = ""; VariantName = "[No Variations]"
Change component parameters (AddParameter): Name = "Примечания"; Value = ""; VariantName = "[No Variations]"
Change component parameters (AddParameter): Name = "Тип"; Value = "Конденсатор"; VariantName = "[No Variations]"
Change component parameters: Designator = "C57"; Footprint = "CAP_0805_(2x1.25x1.3)"; UniqueID = "\VJPQGREM"
Change component parameters. Clean all parameters for all variants
Change component parameters (AddParameter): Name = "Идентификатор"; Value = ""; VariantName = "[No Variations]"
Change component parameters (AddParameter): Name = "Корпус"; Value = "0805"; VariantName = "[No Variations]"
Change component parameters (AddParameter): Name = "Наименование"; Value = "VJ0805Y104KXACW1BC"; VariantName = "[No Variations]"
Change component parameters (AddParameter): Name = "Напряжение"; Value = ""; VariantName = "[No Variations]"
Change component parameters (AddParameter): Name = "Номинал"; Value = "100nF"; VariantName = "[No Variations]"
Change component parameters (AddParameter): Name = "Поставщик"; Value = ""; VariantName = "[No Variations]"
Change component parameters (AddParameter): Name = "Примечания"; Value = ""; VariantName = "[No Variations]"
Change component parameters (AddParameter): Name = "Тип"; Value = "Конденсатор"; VariantName = "[No Variations]"
Change component parameters: Designator = "C58"; Footprint = "CAP_0805_(2x1.25x1.3)"; UniqueID = "\GALPFJMN"
Change component parameters. Clean all parameters for all variants
Change component parameters (AddParameter): Name = "Идентификатор"; Value = "CC0805JKX7R9BB105"; VariantName = "[No Variations]"
Change component parameters (AddParameter): Name = "Корпус"; Value = "0805"; VariantName = "[No Variations]"
Change component parameters (AddParameter): Name = "Наименование"; Value = "CC0805JKX7R9BB105"; VariantName = "[No Variations]"
Change component parameters (AddParameter): Name = "Напряжение"; Value = "50 В"; VariantName = "[No Variations]"
Change component parameters (AddParameter): Name = "Номинал"; Value = "1u"; VariantName = "[No Variations]"
Change component parameters (AddParameter): Name = "Поставщик"; Value = ""; VariantName = "[No Variations]"
Change component parameters (AddParameter): Name = "Примечания"; Value = ""; VariantName = "[No Variations]"
Change component parameters (AddParameter): Name = "Тип"; Value = "Конденсатор"; VariantName = "[No Variations]"
Change component parameters: Designator = "C59"; Footprint = "CAP_0805_(2x1.25x1.3)"; UniqueID = "\NLSKJFCP"
Change component parameters. Clean all parameters for all variants
Change component parameters (AddParameter): Name = "Идентификатор"; Value = "CC0805JKX7R9BB105"; VariantName = "[No Variations]"
Change component parameters (AddParameter): Name = "Корпус"; Value = "0805"; VariantName = "[No Variations]"
Change component parameters (AddParameter): Name = "Наименование"; Value = "CC0805JKX7R9BB105"; VariantName = "[No Variations]"
Change component parameters (AddParameter): Name = "Напряжение"; Value = "50 В"; VariantName = "[No Variations]"
Change component parameters (AddParameter): Name = "Номинал"; Value = "1u"; VariantName = "[No Variations]"
Change component parameters (AddParameter): Name = "Поставщик"; Value = ""; VariantName = "[No Variations]"
Change component parameters (AddParameter): Name = "Примечания"; Value = ""; VariantName = "[No Variations]"
Change component parameters (AddParameter): Name = "Тип"; Value = "Конденсатор"; VariantName = "[No Variations]"
Change component parameters: Designator = "DD2"; Footprint = "LQFP_48"; UniqueID = "\WYXEMTPK"
Change component parameters. Clean all parameters for all variants
Change component parameters (AddParameter): Name = "ComponentLink1Description"; Value = "Manufacturer Link"; VariantName = "[No Variations]"
Change component parameters (AddParameter): Name = "ComponentLink1URL"; Value = "www.st.com/stm32"; VariantName = "[No Variations]"
Change component parameters (AddParameter): Name = "ComponentLink2Description"; Value = "Datasheet"; VariantName = "[No Variations]"
Change component parameters (AddParameter): Name = "ComponentLink2URL"; Value = "http://www.st.com/stonline/products/literature/ds/13587.pdf"; VariantName = "[No Variations]"
Change component parameters (AddParameter): Name = "DatasheetVersion"; Value = "rev6, Mar-2008"; VariantName = "[No Variations]"
Change component parameters (AddParameter): Name = "PackageDescription"; Value = "48-Pin Low-Profile Quad Flat Pack, 7 x 7 mm Body, 0.5 mm Pitch (LQFP48)"; VariantName = "[No Variations]"
Change component parameters (AddParameter): Name = "PackageReference"; Value = "LQFP48"; VariantName = "[No Variations]"
Change component parameters (AddParameter): Name = "PackageVersion"; Value = "Mar-2008"; VariantName = "[No Variations]"
Change component parameters (AddParameter): Name = "Published"; Value = "30-May-2008"; VariantName = "[No Variations]"
Change component parameters (AddParameter): Name = "Publisher"; Value = "Altium Limited"; VariantName = "[No Variations]"
Change component parameters (AddParameter): Name = "Наименование"; Value = "STM32F103CBT6"; VariantName = "[No Variations]"
Change component parameters: Designator = "DD4"; Footprint = "sot-23-5"; UniqueID = "\UZAEVIIV"
Change component parameters. Clean all parameters for all variants
Change component parameters (AddParameter): Name = "Parameter 1"; Value = "74HC1G14GV"; VariantName = "[No Variations]"
Change component parameters (AddParameter): Name = "Наименование"; Value = "74HC1G14GV"; VariantName = "[No Variations]"
Change component parameters: Designator = "DD5"; Footprint = "SO-8_(0.15')"; UniqueID = "\OCOVUGVB"
Change component parameters. Clean all parameters for all variants
Change component parameters (AddParameter): Name = "Идентификатор"; Value = ""; VariantName = "[No Variations]"
Change component parameters (AddParameter): Name = "Корпус"; Value = ""; VariantName = "[No Variations]"
Change component parameters (AddParameter): Name = "Наименование"; Value = "ST3485EBDR"; VariantName = "[No Variations]"
Change component parameters (AddParameter): Name = "Напряжение"; Value = ""; VariantName = "[No Variations]"
Change component parameters (AddParameter): Name = "Номинал"; Value = ""; VariantName = "[No Variations]"
Change component parameters (AddParameter): Name = "Поставщик"; Value = ""; VariantName = "[No Variations]"
Change component parameters (AddParameter): Name = "Примечания"; Value = ""; VariantName = "[No Variations]"
Change component parameters (AddParameter): Name = "Тип"; Value = "ST3485EBDR"; VariantName = "[No Variations]"
Change component parameters: Designator = "DD6"; Footprint = "sot-23-5"; UniqueID = "\FAFGJPBW"
Change component parameters. Clean all parameters for all variants
Change component parameters (AddParameter): Name = "Parameter 1"; Value = "74HC1G14GV"; VariantName = "[No Variations]"
Change component parameters (AddParameter): Name = "Наименование"; Value = "LD3985M33R"; VariantName = "[No Variations]"
Change component parameters: Designator = "J1"; Footprint = "RES_0805_(2x1.2x0.45)_0.125Вт"; UniqueID = "\CPLMWOYA"
Change component parameters. Clean all parameters for all variants
Change component parameters (AddParameter): Name = "Идентификатор"; Value = "-"; VariantName = "[No Variations]"
Change component parameters (AddParameter): Name = "Корпус"; Value = "0805"; VariantName = "[No Variations]"
Change component parameters (AddParameter): Name = "Наименование"; Value = "RC0805JR-0722RL"; VariantName = "[No Variations]"
Change component parameters (AddParameter): Name = "Напряжение"; Value = ""; VariantName = "[No Variations]"
Change component parameters (AddParameter): Name = "Номинал"; Value = "22"; VariantName = "[No Variations]"
Change component parameters (AddParameter): Name = "Поставщик"; Value = ""; VariantName = "[No Variations]"
Change component parameters (AddParameter): Name = "Примечания"; Value = ""; VariantName = "[No Variations]"
Change component parameters (AddParameter): Name = "Тип"; Value = "Резистор"; VariantName = "[No Variations]"
Change component parameters: Designator = "L5"; Footprint = "L_SRN3015"; UniqueID = "\GOAVVTQE"
Change component parameters. Clean all parameters for all variants
Change component parameters (AddParameter): Name = "Идентификатор"; Value = "SRN3015-100M"; VariantName = "[No Variations]"
Change component parameters (AddParameter): Name = "Корпус"; Value = ""; VariantName = "[No Variations]"
Change component parameters (AddParameter): Name = "Наименование"; Value = "SRN3015-100M"; VariantName = "[No Variations]"
Change component parameters (AddParameter): Name = "Напряжение"; Value = ""; VariantName = "[No Variations]"
Change component parameters (AddParameter): Name = "Номинал"; Value = "10 мкГн, 1 А"; VariantName = "[No Variations]"
Change component parameters (AddParameter): Name = "Поставщик"; Value = ""; VariantName = "[No Variations]"
Change component parameters (AddParameter): Name = "Примечания"; Value = ""; VariantName = "[No Variations]"
Change component parameters (AddParameter): Name = "Тип"; Value = "Индуктивность"; VariantName = "[No Variations]"
Change component parameters: Designator = "R16"; Footprint = "RES_0805_(2x1.2x0.45)_0.125Вт"; UniqueID = "\FKZVXAAS"
Change component parameters. Clean all parameters for all variants
Change component parameters (AddParameter): Name = "Идентификатор"; Value = "-"; VariantName = "[No Variations]"
Change component parameters (AddParameter): Name = "Корпус"; Value = "0805"; VariantName = "[No Variations]"
Change component parameters (AddParameter): Name = "Наименование"; Value = "RC0805JR-074K7L"; VariantName = "[No Variations]"
Change component parameters (AddParameter): Name = "Напряжение"; Value = ""; VariantName = "[No Variations]"
Change component parameters (AddParameter): Name = "Номинал"; Value = "4.7k"; VariantName = "[No Variations]"
Change component parameters (AddParameter): Name = "Поставщик"; Value = ""; VariantName = "[No Variations]"
Change component parameters (AddParameter): Name = "Примечания"; Value = ""; VariantName = "[No Variations]"
Change component parameters (AddParameter): Name = "Тип"; Value = "Резистор"; VariantName = "[No Variations]"
Change component parameters: Designator = "R17"; Footprint = "RES_0805_(2x1.2x0.45)_0.125Вт"; UniqueID = "\YTPIMLUJ"
Change component parameters. Clean all parameters for all variants
Change component parameters (AddParameter): Name = "Идентификатор"; Value = "-"; VariantName = "[No Variations]"
Change component parameters (AddParameter): Name = "Корпус"; Value = "0805"; VariantName = "[No Variations]"
Change component parameters (AddParameter): Name = "Наименование"; Value = "RC0805JR-074K7L"; VariantName = "[No Variations]"
Change component parameters (AddParameter): Name = "Напряжение"; Value = ""; VariantName = "[No Variations]"
Change component parameters (AddParameter): Name = "Номинал"; Value = "4.7k"; VariantName = "[No Variations]"
Change component parameters (AddParameter): Name = "Поставщик"; Value = ""; VariantName = "[No Variations]"
Change component parameters (AddParameter): Name = "Примечания"; Value = ""; VariantName = "[No Variations]"
Change component parameters (AddParameter): Name = "Тип"; Value = "Резистор"; VariantName = "[No Variations]"
Change component parameters: Designator = "R19"; Footprint = "RES_0805_(2x1.2x0.45)_0.125Вт"; UniqueID = "\TSAVFORK"
Change component parameters. Clean all parameters for all variants
Change component parameters (AddParameter): Name = "Идентификатор"; Value = "RC0805JR-071K5L"; VariantName = "[No Variations]"
Change component parameters (AddParameter): Name = "Корпус"; Value = "0805"; VariantName = "[No Variations]"
Change component parameters (AddParameter): Name = "Наименование"; Value = "RC0805JR-071K5L"; VariantName = "[No Variations]"
Change component parameters (AddParameter): Name = "Напряжение"; Value = ""; VariantName = "[No Variations]"
Change component parameters (AddParameter): Name = "Номинал"; Value = "1.5 k"; VariantName = "[No Variations]"
Change component parameters (AddParameter): Name = "Поставщик"; Value = ""; VariantName = "[No Variations]"
Change component parameters (AddParameter): Name = "Примечания"; Value = ""; VariantName = "[No Variations]"
Change component parameters (AddParameter): Name = "Тип"; Value = "Резистор"; VariantName = "[No Variations]"
Change component parameters: Designator = "R21"; Footprint = "RES_0805_(2x1.2x0.45)_0.125Вт"; UniqueID = "\NVISOKJO"
Change component parameters. Clean all parameters for all variants
Change component parameters (AddParameter): Name = "Идентификатор"; Value = "RC0805JR-071K5L"; VariantName = "[No Variations]"
Change component parameters (AddParameter): Name = "Корпус"; Value = "0805"; VariantName = "[No Variations]"
Change component parameters (AddParameter): Name = "Наименование"; Value = "RC0805JR-071K5L"; VariantName = "[No Variations]"
Change component parameters (AddParameter): Name = "Напряжение"; Value = ""; VariantName = "[No Variations]"
Change component parameters (AddParameter): Name = "Номинал"; Value = "1.5 k"; VariantName = "[No Variations]"
Change component parameters (AddParameter): Name = "Поставщик"; Value = ""; VariantName = "[No Variations]"
Change component parameters (AddParameter): Name = "Примечания"; Value = ""; VariantName = "[No Variations]"
Change component parameters (AddParameter): Name = "Тип"; Value = "Резистор"; VariantName = "[No Variations]"
Change component parameters: Designator = "R22"; Footprint = "RES_0805_(2x1.2x0.45)_0.125Вт"; UniqueID = "\JKZKWTAP"
Change component parameters. Clean all parameters for all variants
Change component parameters (AddParameter): Name = "Идентификатор"; Value = "RC0805JR-071K5L"; VariantName = "[No Variations]"
Change component parameters (AddParameter): Name = "Корпус"; Value = "0805"; VariantName = "[No Variations]"
Change component parameters (AddParameter): Name = "Наименование"; Value = "RC0805JR-071K5L"; VariantName = "[No Variations]"
Change component parameters (AddParameter): Name = "Напряжение"; Value = ""; VariantName = "[No Variations]"
Change component parameters (AddParameter): Name = "Номинал"; Value = "1.5 k"; VariantName = "[No Variations]"
Change component parameters (AddParameter): Name = "Поставщик"; Value = ""; VariantName = "[No Variations]"
Change component parameters (AddParameter): Name = "Примечания"; Value = ""; VariantName = "[No Variations]"
Change component parameters (AddParameter): Name = "Тип"; Value = "Резистор"; VariantName = "[No Variations]"
Change component parameters: Designator = "R23"; Footprint = "RES_0805_(2x1.2x0.45)_0.125Вт"; UniqueID = "\SBEVFZUL"
Change component parameters. Clean all parameters for all variants
Change component parameters (AddParameter): Name = "Идентификатор"; Value = "-"; VariantName = "[No Variations]"
Change component parameters (AddParameter): Name = "Корпус"; Value = "0805"; VariantName = "[No Variations]"
Change component parameters (AddParameter): Name = "Наименование"; Value = "RC0805JR-07100KL"; VariantName = "[No Variations]"
Change component parameters (AddParameter): Name = "Напряжение"; Value = ""; VariantName = "[No Variations]"
Change component parameters (AddParameter): Name = "Номинал"; Value = "100k"; VariantName = "[No Variations]"
Change component parameters (AddParameter): Name = "Поставщик"; Value = ""; VariantName = "[No Variations]"
Change component parameters (AddParameter): Name = "Примечания"; Value = ""; VariantName = "[No Variations]"
Change component parameters (AddParameter): Name = "Тип"; Value = "Резистор"; VariantName = "[No Variations]"
Change component parameters: Designator = "R24"; Footprint = "RES_0805_(2x1.2x0.45)_0.125Вт"; UniqueID = "\NLXQYYJV"
Change component parameters. Clean all parameters for all variants
Change component parameters (AddParameter): Name = "Идентификатор"; Value = "-"; VariantName = "[No Variations]"
Change component parameters (AddParameter): Name = "Корпус"; Value = "0805"; VariantName = "[No Variations]"
Change component parameters (AddParameter): Name = "Наименование"; Value = "RC0805JR-0710KL"; VariantName = "[No Variations]"
Change component parameters (AddParameter): Name = "Напряжение"; Value = ""; VariantName = "[No Variations]"
Change component parameters (AddParameter): Name = "Номинал"; Value = "10 k"; VariantName = "[No Variations]"
Change component parameters (AddParameter): Name = "Поставщик"; Value = ""; VariantName = "[No Variations]"
Change component parameters (AddParameter): Name = "Примечания"; Value = ""; VariantName = "[No Variations]"
Change component parameters (AddParameter): Name = "Тип"; Value = "Резистор"; VariantName = "[No Variations]"
Change component parameters: Designator = "R26"; Footprint = "RES_0805_(2x1.2x0.45)_0.125Вт"; UniqueID = "\NAFXZBPZ"
Change component parameters. Clean all parameters for all variants
Change component parameters (AddParameter): Name = "Идентификатор"; Value = "-"; VariantName = "[No Variations]"
Change component parameters (AddParameter): Name = "Корпус"; Value = "0805"; VariantName = "[No Variations]"
Change component parameters (AddParameter): Name = "Наименование"; Value = "RC0805JR-07100RL"; VariantName = "[No Variations]"
Change component parameters (AddParameter): Name = "Напряжение"; Value = ""; VariantName = "[No Variations]"
Change component parameters (AddParameter): Name = "Номинал"; Value = "100"; VariantName = "[No Variations]"
Change component parameters (AddParameter): Name = "Поставщик"; Value = ""; VariantName = "[No Variations]"
Change component parameters (AddParameter): Name = "Примечания"; Value = ""; VariantName = "[No Variations]"
Change component parameters (AddParameter): Name = "Тип"; Value = "Резистор"; VariantName = "[No Variations]"
Change component parameters: Designator = "R27"; Footprint = "RES_0805_(2x1.2x0.45)_0.125Вт"; UniqueID = "\YBPCPDJM"
Change component parameters. Clean all parameters for all variants
Change component parameters (AddParameter): Name = "Идентификатор"; Value = "-"; VariantName = "[No Variations]"
Change component parameters (AddParameter): Name = "Корпус"; Value = "0805"; VariantName = "[No Variations]"
Change component parameters (AddParameter): Name = "Наименование"; Value = "RC0805JR-0710KL"; VariantName = "[No Variations]"
Change component parameters (AddParameter): Name = "Напряжение"; Value = ""; VariantName = "[No Variations]"
Change component parameters (AddParameter): Name = "Номинал"; Value = "10k"; VariantName = "[No Variations]"
Change component parameters (AddParameter): Name = "Поставщик"; Value = ""; VariantName = "[No Variations]"
Change component parameters (AddParameter): Name = "Примечания"; Value = ""; VariantName = "[No Variations]"
Change component parameters (AddParameter): Name = "Тип"; Value = "Резистор"; VariantName = "[No Variations]"
Change component parameters: Designator = "R28"; Footprint = "RES_0805_(2x1.2x0.45)_0.125Вт"; UniqueID = "\OHRHZGAQ"
Change component parameters. Clean all parameters for all variants
Change component parameters (AddParameter): Name = "Идентификатор"; Value = "-"; VariantName = "[No Variations]"
Change component parameters (AddParameter): Name = "Корпус"; Value = "0805"; VariantName = "[No Variations]"
Change component parameters (AddParameter): Name = "Наименование"; Value = "RC0805JR-0710KL"; VariantName = "[No Variations]"
Change component parameters (AddParameter): Name = "Напряжение"; Value = ""; VariantName = "[No Variations]"
Change component parameters (AddParameter): Name = "Номинал"; Value = "10k"; VariantName = "[No Variations]"
Change component parameters (AddParameter): Name = "Поставщик"; Value = ""; VariantName = "[No Variations]"
Change component parameters (AddParameter): Name = "Примечания"; Value = ""; VariantName = "[No Variations]"
Change component parameters (AddParameter): Name = "Тип"; Value = "Резистор"; VariantName = "[No Variations]"
Change component parameters: Designator = "R29"; Footprint = "RES_0805_(2x1.2x0.45)_0.125Вт"; UniqueID = "\LFBGYXFU"
Change component parameters. Clean all parameters for all variants
Change component parameters (AddParameter): Name = "Идентификатор"; Value = "-"; VariantName = "[No Variations]"
Change component parameters (AddParameter): Name = "Корпус"; Value = "0805"; VariantName = "[No Variations]"
Change component parameters (AddParameter): Name = "Наименование"; Value = "RC0805JR-07100RL"; VariantName = "[No Variations]"
Change component parameters (AddParameter): Name = "Напряжение"; Value = ""; VariantName = "[No Variations]"
Change component parameters (AddParameter): Name = "Номинал"; Value = "100"; VariantName = "[No Variations]"
Change component parameters (AddParameter): Name = "Поставщик"; Value = ""; VariantName = "[No Variations]"
Change component parameters (AddParameter): Name = "Примечания"; Value = ""; VariantName = "[No Variations]"
Change component parameters (AddParameter): Name = "Тип"; Value = "Резистор"; VariantName = "[No Variations]"
Change component parameters: Designator = "R30"; Footprint = "RES_0805_(2x1.2x0.45)_0.125Вт"; UniqueID = "\TTWDYPQM"
Change component parameters. Clean all parameters for all variants
Change component parameters (AddParameter): Name = "Идентификатор"; Value = "-"; VariantName = "[No Variations]"
Change component parameters (AddParameter): Name = "Корпус"; Value = "0805"; VariantName = "[No Variations]"
Change component parameters (AddParameter): Name = "Наименование"; Value = "RC0805JR-070RL"; VariantName = "[No Variations]"
Change component parameters (AddParameter): Name = "Напряжение"; Value = ""; VariantName = "[No Variations]"
Change component parameters (AddParameter): Name = "Номинал"; Value = "0"; VariantName = "[No Variations]"
Change component parameters (AddParameter): Name = "Поставщик"; Value = ""; VariantName = "[No Variations]"
Change component parameters (AddParameter): Name = "Примечания"; Value = ""; VariantName = "[No Variations]"
Change component parameters (AddParameter): Name = "Тип"; Value = "Резистор"; VariantName = "[No Variations]"
Change component parameters: Designator = "R31"; Footprint = "RES_0805_(2x1.2x0.45)_0.125Вт"; UniqueID = "\IJRQFVDS"
Change component parameters. Clean all parameters for all variants
Change component parameters (AddParameter): Name = "Идентификатор"; Value = "RC0805JR-073K3L"; VariantName = "[No Variations]"
Change component parameters (AddParameter): Name = "Корпус"; Value = "0805"; VariantName = "[No Variations]"
Change component parameters (AddParameter): Name = "Наименование"; Value = "RC0805JR-073K3L"; VariantName = "[No Variations]"
Change component parameters (AddParameter): Name = "Напряжение"; Value = ""; VariantName = "[No Variations]"
Change component parameters (AddParameter): Name = "Номинал"; Value = "3.3k"; VariantName = "[No Variations]"
Change component parameters (AddParameter): Name = "Поставщик"; Value = ""; VariantName = "[No Variations]"
Change component parameters (AddParameter): Name = "Примечания"; Value = ""; VariantName = "[No Variations]"
Change component parameters (AddParameter): Name = "Тип"; Value = "Резистор"; VariantName = "[No Variations]"
Change component parameters: Designator = "R32"; Footprint = "RES_0805_(2x1.2x0.45)_0.125Вт"; UniqueID = "\ODPQJXRU"
Change component parameters. Clean all parameters for all variants
Change component parameters (AddParameter): Name = "Идентификатор"; Value = ""; VariantName = "[No Variations]"
Change component parameters (AddParameter): Name = "Корпус"; Value = "0805"; VariantName = "[No Variations]"
Change component parameters (AddParameter): Name = "Наименование"; Value = "RC0805JR-0722KL"; VariantName = "[No Variations]"
Change component parameters (AddParameter): Name = "Напряжение"; Value = ""; VariantName = "[No Variations]"
Change component parameters (AddParameter): Name = "Номинал"; Value = "22k"; VariantName = "[No Variations]"
Change component parameters (AddParameter): Name = "Поставщик"; Value = ""; VariantName = "[No Variations]"
Change component parameters (AddParameter): Name = "Примечания"; Value = ""; VariantName = "[No Variations]"
Change component parameters (AddParameter): Name = "Тип"; Value = "Резистор"; VariantName = "[No Variations]"
Change component parameters: Designator = "R33"; Footprint = "RES_0805_(2x1.2x0.45)_0.125Вт"; UniqueID = "\WFFPRUIQ"
Change component parameters. Clean all parameters for all variants
Change component parameters (AddParameter): Name = "Идентификатор"; Value = "RC0805JR-071K5L"; VariantName = "[No Variations]"
Change component parameters (AddParameter): Name = "Корпус"; Value = "0805"; VariantName = "[No Variations]"
Change component parameters (AddParameter): Name = "Наименование"; Value = "RC0805JR-071K5L"; VariantName = "[No Variations]"
Change component parameters (AddParameter): Name = "Напряжение"; Value = ""; VariantName = "[No Variations]"
Change component parameters (AddParameter): Name = "Номинал"; Value = "1.5 k"; VariantName = "[No Variations]"
Change component parameters (AddParameter): Name = "Поставщик"; Value = ""; VariantName = "[No Variations]"
Change component parameters (AddParameter): Name = "Примечания"; Value = ""; VariantName = "[No Variations]"
Change component parameters (AddParameter): Name = "Тип"; Value = "Резистор"; VariantName = "[No Variations]"
Change component parameters: Designator = "R35"; Footprint = "RES_0805_(2x1.2x0.45)_0.125Вт"; UniqueID = "\NGMKQPQN"
Change component parameters. Clean all parameters for all variants
Change component parameters (AddParameter): Name = "Идентификатор"; Value = "RC0805JR-0710KL"; VariantName = "[No Variations]"
Change component parameters (AddParameter): Name = "Корпус"; Value = "0805"; VariantName = "[No Variations]"
Change component parameters (AddParameter): Name = "Наименование"; Value = "RC0805JR-0710KL"; VariantName = "[No Variations]"
Change component parameters (AddParameter): Name = "Напряжение"; Value = ""; VariantName = "[No Variations]"
Change component parameters (AddParameter): Name = "Номинал"; Value = "10 k"; VariantName = "[No Variations]"
Change component parameters (AddParameter): Name = "Поставщик"; Value = ""; VariantName = "[No Variations]"
Change component parameters (AddParameter): Name = "Примечания"; Value = ""; VariantName = "[No Variations]"
Change component parameters (AddParameter): Name = "Тип"; Value = "Резистор"; VariantName = "[No Variations]"
Change component parameters: Designator = "R36"; Footprint = "RES_1210_(3.2x2.5x0.55)_0.5Вт"; UniqueID = "\QGZBKFAW"
Change component parameters. Clean all parameters for all variants
Change component parameters (AddParameter): Name = "Идентификатор"; Value = ""; VariantName = "[No Variations]"
Change component parameters (AddParameter): Name = "Корпус"; Value = "1210"; VariantName = "[No Variations]"
Change component parameters (AddParameter): Name = "Наименование"; Value = "RC1210JR-072R7L"; VariantName = "[No Variations]"
Change component parameters (AddParameter): Name = "Напряжение"; Value = ""; VariantName = "[No Variations]"
Change component parameters (AddParameter): Name = "Номинал"; Value = "2,7"; VariantName = "[No Variations]"
Change component parameters (AddParameter): Name = "Поставщик"; Value = ""; VariantName = "[No Variations]"
Change component parameters (AddParameter): Name = "Примечания"; Value = ""; VariantName = "[No Variations]"
Change component parameters (AddParameter): Name = "Тип"; Value = "Резистор"; VariantName = "[No Variations]"
Change component parameters: Designator = "R37"; Footprint = "RES_1210_(3.2x2.5x0.55)_0.5Вт"; UniqueID = "\KFAMLOJK"
Change component parameters. Clean all parameters for all variants
Change component parameters (AddParameter): Name = "Идентификатор"; Value = ""; VariantName = "[No Variations]"
Change component parameters (AddParameter): Name = "Корпус"; Value = "1210"; VariantName = "[No Variations]"
Change component parameters (AddParameter): Name = "Наименование"; Value = "RC1210JR-072R7L"; VariantName = "[No Variations]"
Change component parameters (AddParameter): Name = "Напряжение"; Value = ""; VariantName = "[No Variations]"
Change component parameters (AddParameter): Name = "Номинал"; Value = "2,7"; VariantName = "[No Variations]"
Change component parameters (AddParameter): Name = "Поставщик"; Value = ""; VariantName = "[No Variations]"
Change component parameters (AddParameter): Name = "Примечания"; Value = ""; VariantName = "[No Variations]"
Change component parameters (AddParameter): Name = "Тип"; Value = "Резистор"; VariantName = "[No Variations]"
Change component parameters: Designator = "R38"; Footprint = "RES_2512_(6.3x3.1x0.6)_2Вт"; UniqueID = "\DBXPQHEZ"
Change component parameters. Clean all parameters for all variants
Change component parameters (AddParameter): Name = "Идентификатор"; Value = ""; VariantName = "[No Variations]"
Change component parameters (AddParameter): Name = "Корпус"; Value = "2512"; VariantName = "[No Variations]"
Change component parameters (AddParameter): Name = "Наименование"; Value = "RC2512JR-07120RL"; VariantName = "[No Variations]"
Change component parameters (AddParameter): Name = "Напряжение"; Value = ""; VariantName = "[No Variations]"
Change component parameters (AddParameter): Name = "Номинал"; Value = "120"; VariantName = "[No Variations]"
Change component parameters (AddParameter): Name = "Поставщик"; Value = ""; VariantName = "[No Variations]"
Change component parameters (AddParameter): Name = "Примечания"; Value = ""; VariantName = "[No Variations]"
Change component parameters (AddParameter): Name = "Тип"; Value = "Резистор"; VariantName = "[No Variations]"
Change component parameters: Designator = "R39"; Footprint = "RES_0805_(2x1.2x0.45)_0.125Вт"; UniqueID = "\PGQUHDFH"
Change component parameters. Clean all parameters for all variants
Change component parameters (AddParameter): Name = "Идентификатор"; Value = "-"; VariantName = "[No Variations]"
Change component parameters (AddParameter): Name = "Корпус"; Value = "0805"; VariantName = "[No Variations]"
Change component parameters (AddParameter): Name = "Наименование"; Value = "RC0805JR-0722RL"; VariantName = "[No Variations]"
Change component parameters (AddParameter): Name = "Напряжение"; Value = ""; VariantName = "[No Variations]"
Change component parameters (AddParameter): Name = "Номинал"; Value = "22"; VariantName = "[No Variations]"
Change component parameters (AddParameter): Name = "Поставщик"; Value = ""; VariantName = "[No Variations]"
Change component parameters (AddParameter): Name = "Примечания"; Value = ""; VariantName = "[No Variations]"
Change component parameters (AddParameter): Name = "Тип"; Value = "Резистор"; VariantName = "[No Variations]"
Change component parameters: Designator = "R40"; Footprint = "RES_0805_(2x1.2x0.45)_0.125Вт"; UniqueID = "\DWRAWMMN"
Change component parameters. Clean all parameters for all variants
Change component parameters (AddParameter): Name = "Идентификатор"; Value = "-"; VariantName = "[No Variations]"
Change component parameters (AddParameter): Name = "Корпус"; Value = "0805"; VariantName = "[No Variations]"
Change component parameters (AddParameter): Name = "Наименование"; Value = "RC0805JR-0722RL"; VariantName = "[No Variations]"
Change component parameters (AddParameter): Name = "Напряжение"; Value = ""; VariantName = "[No Variations]"
Change component parameters (AddParameter): Name = "Номинал"; Value = "22"; VariantName = "[No Variations]"
Change component parameters (AddParameter): Name = "Поставщик"; Value = ""; VariantName = "[No Variations]"
Change component parameters (AddParameter): Name = "Примечания"; Value = ""; VariantName = "[No Variations]"
Change component parameters (AddParameter): Name = "Тип"; Value = "Резистор"; VariantName = "[No Variations]"
Change component parameters: Designator = "R41"; Footprint = "RES_0805_(2x1.2x0.45)_0.125Вт"; UniqueID = "\ONKASAEJ"
Change component parameters. Clean all parameters for all variants
Change component parameters (AddParameter): Name = "Идентификатор"; Value = "-"; VariantName = "[No Variations]"
Change component parameters (AddParameter): Name = "Корпус"; Value = "0805"; VariantName = "[No Variations]"
Change component parameters (AddParameter): Name = "Наименование"; Value = "RC0805JR-0722RL"; VariantName = "[No Variations]"
Change component parameters (AddParameter): Name = "Напряжение"; Value = ""; VariantName = "[No Variations]"
Change component parameters (AddParameter): Name = "Номинал"; Value = "22"; VariantName = "[No Variations]"
Change component parameters (AddParameter): Name = "Поставщик"; Value = ""; VariantName = "[No Variations]"
Change component parameters (AddParameter): Name = "Примечания"; Value = ""; VariantName = "[No Variations]"
Change component parameters (AddParameter): Name = "Тип"; Value = "Резистор"; VariantName = "[No Variations]"
Change component parameters: Designator = "R42"; Footprint = "RES_0805_(2x1.2x0.45)_0.125Вт"; UniqueID = "\XGNBQHDZ"
Change component parameters. Clean all parameters for all variants
Change component parameters (AddParameter): Name = "Идентификатор"; Value = "-"; VariantName = "[No Variations]"
Change component parameters (AddParameter): Name = "Корпус"; Value = "0805"; VariantName = "[No Variations]"
Change component parameters (AddParameter): Name = "Наименование"; Value = "RC0805JR-0722RL"; VariantName = "[No Variations]"
Change component parameters (AddParameter): Name = "Напряжение"; Value = ""; VariantName = "[No Variations]"
Change component parameters (AddParameter): Name = "Номинал"; Value = "22"; VariantName = "[No Variations]"
Change component parameters (AddParameter): Name = "Поставщик"; Value = ""; VariantName = "[No Variations]"
Change component parameters (AddParameter): Name = "Примечания"; Value = ""; VariantName = "[No Variations]"
Change component parameters (AddParameter): Name = "Тип"; Value = "Резистор"; VariantName = "[No Variations]"
Change component parameters: Designator = "R43"; Footprint = "RES_0805_(2x1.2x0.45)_0.125Вт"; UniqueID = "\UNSWUARE"
Change component parameters. Clean all parameters for all variants
Change component parameters (AddParameter): Name = "Идентификатор"; Value = "RC0805JR-0710KL"; VariantName = "[No Variations]"
Change component parameters (AddParameter): Name = "Корпус"; Value = "0805"; VariantName = "[No Variations]"
Change component parameters (AddParameter): Name = "Наименование"; Value = "RC0805JR-0710KL"; VariantName = "[No Variations]"
Change component parameters (AddParameter): Name = "Напряжение"; Value = ""; VariantName = "[No Variations]"
Change component parameters (AddParameter): Name = "Номинал"; Value = "10 k"; VariantName = "[No Variations]"
Change component parameters (AddParameter): Name = "Поставщик"; Value = ""; VariantName = "[No Variations]"
Change component parameters (AddParameter): Name = "Примечания"; Value = ""; VariantName = "[No Variations]"
Change component parameters (AddParameter): Name = "Тип"; Value = "Резистор"; VariantName = "[No Variations]"
Change component parameters: Designator = "SW1"; Footprint = "SW_DS1040_2pin"; UniqueID = "\QTSYZOQH"
Change component parameters. Clean all parameters for all variants
Change component parameters (AddParameter): Name = "Идентификатор"; Value = "DS1040-02RN"; VariantName = "[No Variations]"
Change component parameters (AddParameter): Name = "Корпус"; Value = ""; VariantName = "[No Variations]"
Change component parameters (AddParameter): Name = "Наименование"; Value = "DS1040-02RN"; VariantName = "[No Variations]"
Change component parameters (AddParameter): Name = "Напряжение"; Value = ""; VariantName = "[No Variations]"
Change component parameters (AddParameter): Name = "Номинал"; Value = ""; VariantName = "[No Variations]"
Change component parameters (AddParameter): Name = "Поставщик"; Value = ""; VariantName = "[No Variations]"
Change component parameters (AddParameter): Name = "Примечания"; Value = ""; VariantName = "[No Variations]"
Change component parameters (AddParameter): Name = "Тип"; Value = ""; VariantName = "[No Variations]"
Change component parameters: Designator = "VD12"; Footprint = "led_0805"; UniqueID = "\VJOTGNZY"
Change component parameters. Clean all parameters for all variants
Change component parameters (AddParameter): Name = "Идентификатор"; Value = "BL-LS0805PGC"; VariantName = "[No Variations]"
Change component parameters (AddParameter): Name = "Корпус"; Value = "0805"; VariantName = "[No Variations]"
Change component parameters (AddParameter): Name = "Наименование"; Value = "BL-LS0805PGC"; VariantName = "[No Variations]"
Change component parameters (AddParameter): Name = "Напряжение"; Value = ""; VariantName = "[No Variations]"
Change component parameters (AddParameter): Name = "Номинал"; Value = ""; VariantName = "[No Variations]"
Change component parameters (AddParameter): Name = "Поставщик"; Value = ""; VariantName = "[No Variations]"
Change component parameters (AddParameter): Name = "Примечания"; Value = "Зеленый"; VariantName = "[No Variations]"
Change component parameters (AddParameter): Name = "Тип"; Value = "Светодиод (Зеленый)"; VariantName = "[No Variations]"
Change component parameters: Designator = "VD13"; Footprint = "led_0805"; UniqueID = "\WWWREXPW"
Change component parameters. Clean all parameters for all variants
Change component parameters (AddParameter): Name = "Идентификатор"; Value = "BL-LS0805PGC"; VariantName = "[No Variations]"
Change component parameters (AddParameter): Name = "Корпус"; Value = "0805"; VariantName = "[No Variations]"
Change component parameters (AddParameter): Name = "Наименование"; Value = "BL-LS0805PGC"; VariantName = "[No Variations]"
Change component parameters (AddParameter): Name = "Напряжение"; Value = ""; VariantName = "[No Variations]"
Change component parameters (AddParameter): Name = "Номинал"; Value = ""; VariantName = "[No Variations]"
Change component parameters (AddParameter): Name = "Поставщик"; Value = ""; VariantName = "[No Variations]"
Change component parameters (AddParameter): Name = "Примечания"; Value = "Зеленый"; VariantName = "[No Variations]"
Change component parameters (AddParameter): Name = "Тип"; Value = "Светодиод (Зеленый)"; VariantName = "[No Variations]"
Change component parameters: Designator = "VD14"; Footprint = "led_0805"; UniqueID = "\RRYFSLDR"
Change component parameters. Clean all parameters for all variants
Change component parameters (AddParameter): Name = "Идентификатор"; Value = "BL-LS0805UHR"; VariantName = "[No Variations]"
Change component parameters (AddParameter): Name = "Корпус"; Value = "0805"; VariantName = "[No Variations]"
Change component parameters (AddParameter): Name = "Наименование"; Value = "BL-LS0805UHR"; VariantName = "[No Variations]"
Change component parameters (AddParameter): Name = "Напряжение"; Value = ""; VariantName = "[No Variations]"
Change component parameters (AddParameter): Name = "Номинал"; Value = ""; VariantName = "[No Variations]"
Change component parameters (AddParameter): Name = "Поставщик"; Value = ""; VariantName = "[No Variations]"
Change component parameters (AddParameter): Name = "Примечания"; Value = "Красный"; VariantName = "[No Variations]"
Change component parameters (AddParameter): Name = "Тип"; Value = "Светодиод (Красный)"; VariantName = "[No Variations]"
Change component parameters: Designator = "VD15"; Footprint = "VD_SMA_(Do-214AC)"; UniqueID = "\DIWVKTBA"
Change component parameters. Clean all parameters for all variants
Change component parameters (AddParameter): Name = "Идентификатор"; Value = "1N4148"; VariantName = "[No Variations]"
Change component parameters (AddParameter): Name = "Корпус"; Value = ""; VariantName = "[No Variations]"
Change component parameters (AddParameter): Name = "Наименование"; Value = "1N4148"; VariantName = "[No Variations]"
Change component parameters (AddParameter): Name = "Напряжение"; Value = ""; VariantName = "[No Variations]"
Change component parameters (AddParameter): Name = "Номинал"; Value = ""; VariantName = "[No Variations]"
Change component parameters (AddParameter): Name = "Поставщик"; Value = ""; VariantName = "[No Variations]"
Change component parameters (AddParameter): Name = "Примечания"; Value = ""; VariantName = "[No Variations]"
Change component parameters (AddParameter): Name = "Тип"; Value = ""; VariantName = "[No Variations]"
Change component parameters: Designator = "VD17"; Footprint = "led_0805"; UniqueID = "\UTYXCHVQ"
Change component parameters. Clean all parameters for all variants
Change component parameters (AddParameter): Name = "Идентификатор"; Value = "BL-LS0805UHR"; VariantName = "[No Variations]"
Change component parameters (AddParameter): Name = "Корпус"; Value = "0805"; VariantName = "[No Variations]"
Change component parameters (AddParameter): Name = "Наименование"; Value = "BL-LS0805UHR"; VariantName = "[No Variations]"
Change component parameters (AddParameter): Name = "Напряжение"; Value = ""; VariantName = "[No Variations]"
Change component parameters (AddParameter): Name = "Номинал"; Value = ""; VariantName = "[No Variations]"
Change component parameters (AddParameter): Name = "Поставщик"; Value = ""; VariantName = "[No Variations]"
Change component parameters (AddParameter): Name = "Примечания"; Value = "Красный"; VariantName = "[No Variations]"
Change component parameters (AddParameter): Name = "Тип"; Value = "Светодиод (Красный)"; VariantName = "[No Variations]"
Change component parameters: Designator = "VD18"; Footprint = "led_0805"; UniqueID = "\TIQOMZDE"
Change component parameters. Clean all parameters for all variants
Change component parameters (AddParameter): Name = "Идентификатор"; Value = "BL-LS0805UHR"; VariantName = "[No Variations]"
Change component parameters (AddParameter): Name = "Корпус"; Value = "0805"; VariantName = "[No Variations]"
Change component parameters (AddParameter): Name = "Наименование"; Value = "BL-LS0805UHR"; VariantName = "[No Variations]"
Change component parameters (AddParameter): Name = "Напряжение"; Value = ""; VariantName = "[No Variations]"
Change component parameters (AddParameter): Name = "Номинал"; Value = ""; VariantName = "[No Variations]"
Change component parameters (AddParameter): Name = "Поставщик"; Value = ""; VariantName = "[No Variations]"
Change component parameters (AddParameter): Name = "Примечания"; Value = "Красный"; VariantName = "[No Variations]"
Change component parameters (AddParameter): Name = "Тип"; Value = "Светодиод (Красный)"; VariantName = "[No Variations]"
Change component parameters: Designator = "VD19"; Footprint = "SOT-323-3L"; UniqueID = "\YEORVPTN"
Change component parameters. Clean all parameters for all variants
Change component parameters (AddParameter): Name = "Идентификатор"; Value = ""; VariantName = "[No Variations]"
Change component parameters (AddParameter): Name = "Корпус"; Value = "SOT323"; VariantName = "[No Variations]"
Change component parameters (AddParameter): Name = "Наименование"; Value = "ESDA25W"; VariantName = "[No Variations]"
Change component parameters (AddParameter): Name = "Напряжение"; Value = ""; VariantName = "[No Variations]"
Change component parameters (AddParameter): Name = "Номинал"; Value = ""; VariantName = "[No Variations]"
Change component parameters (AddParameter): Name = "Поставщик"; Value = ""; VariantName = "[No Variations]"
Change component parameters (AddParameter): Name = "Примечания"; Value = ""; VariantName = "[No Variations]"
Change component parameters (AddParameter): Name = "Тип"; Value = "ESDA25W"; VariantName = "[No Variations]"
Change component parameters: Designator = "VD20"; Footprint = "VD_SOD523"; UniqueID = "\PBEUHZIP"
Change component parameters. Clean all parameters for all variants
Change component parameters (AddParameter): Name = "Идентификатор"; Value = "ESD5Z3.3T1G"; VariantName = "[No Variations]"
Change component parameters (AddParameter): Name = "Корпус"; Value = "SOD523"; VariantName = "[No Variations]"
Change component parameters (AddParameter): Name = "Наименование"; Value = "ESD5Z3.3T1G"; VariantName = "[No Variations]"
Change component parameters (AddParameter): Name = "Напряжение"; Value = "3.3 В"; VariantName = "[No Variations]"
Change component parameters (AddParameter): Name = "Номинал"; Value = ""; VariantName = "[No Variations]"
Change component parameters (AddParameter): Name = "Поставщик"; Value = ""; VariantName = "[No Variations]"
Change component parameters (AddParameter): Name = "Примечания"; Value = ""; VariantName = "[No Variations]"
Change component parameters (AddParameter): Name = "Тип"; Value = "Защитный диод"; VariantName = "[No Variations]"
Change component parameters: Designator = "VD21"; Footprint = "VD_SMB_(Do-214AA)"; UniqueID = "\XBDEFJHU"
Change component parameters. Clean all parameters for all variants
Change component parameters (AddParameter): Name = "Идентификатор"; Value = "SMBJ5.0A"; VariantName = "[No Variations]"
Change component parameters (AddParameter): Name = "Корпус"; Value = "SMB"; VariantName = "[No Variations]"
Change component parameters (AddParameter): Name = "Наименование"; Value = "SMBJ50A"; VariantName = "[No Variations]"
Change component parameters (AddParameter): Name = "Напряжение"; Value = "5 В"; VariantName = "[No Variations]"
Change component parameters (AddParameter): Name = "Номинал"; Value = ""; VariantName = "[No Variations]"
Change component parameters (AddParameter): Name = "Поставщик"; Value = ""; VariantName = "[No Variations]"
Change component parameters (AddParameter): Name = "Примечания"; Value = ""; VariantName = "[No Variations]"
Change component parameters (AddParameter): Name = "Тип"; Value = "Защитный диод"; VariantName = "[No Variations]"
Change component parameters: Designator = "VD22"; Footprint = "VD_SMB_(Do-214AA)"; UniqueID = "\JTHFEVCT"
Change component parameters. Clean all parameters for all variants
Change component parameters (AddParameter): Name = "Идентификатор"; Value = "SMBJ5.0A"; VariantName = "[No Variations]"
Change component parameters (AddParameter): Name = "Корпус"; Value = "SMB"; VariantName = "[No Variations]"
Change component parameters (AddParameter): Name = "Наименование"; Value = "SMBJ50A"; VariantName = "[No Variations]"
Change component parameters (AddParameter): Name = "Напряжение"; Value = "5 В"; VariantName = "[No Variations]"
Change component parameters (AddParameter): Name = "Номинал"; Value = ""; VariantName = "[No Variations]"
Change component parameters (AddParameter): Name = "Поставщик"; Value = ""; VariantName = "[No Variations]"
Change component parameters (AddParameter): Name = "Примечания"; Value = ""; VariantName = "[No Variations]"
Change component parameters (AddParameter): Name = "Тип"; Value = "Защитный диод"; VariantName = "[No Variations]"
Change component parameters: Designator = "XP3"; Footprint = "XP_5x2_PIN_H"; UniqueID = "\CGRMCPKJ"
Change component parameters. Clean all parameters for all variants
Change component parameters (AddParameter): Name = "Идентификатор"; Value = ""; VariantName = "[No Variations]"
Change component parameters (AddParameter): Name = "Корпус"; Value = ""; VariantName = "[No Variations]"
Change component parameters (AddParameter): Name = "Наименование"; Value = "BH10R"; VariantName = "[No Variations]"
Change component parameters (AddParameter): Name = "Напряжение"; Value = ""; VariantName = "[No Variations]"
Change component parameters (AddParameter): Name = "Номинал"; Value = ""; VariantName = "[No Variations]"
Change component parameters (AddParameter): Name = "Поставщик"; Value = ""; VariantName = "[No Variations]"
Change component parameters (AddParameter): Name = "Примечания"; Value = ""; VariantName = "[No Variations]"
Change component parameters (AddParameter): Name = "Тип"; Value = ""; VariantName = "[No Variations]"
Change component parameters: Designator = "XP4"; Footprint = "XP_6_Pin"; UniqueID = "\YKEFJVYU"
Change component parameters. Clean all parameters for all variants
Change component parameters (AddParameter): Name = "Идентификатор"; Value = "PLS-6"; VariantName = "[No Variations]"
Change component parameters (AddParameter): Name = "Корпус"; Value = ""; VariantName = "[No Variations]"
Change component parameters (AddParameter): Name = "Наименование"; Value = "PLS-6"; VariantName = "[No Variations]"
Change component parameters (AddParameter): Name = "Напряжение"; Value = ""; VariantName = "[No Variations]"
Change component parameters (AddParameter): Name = "Номинал"; Value = ""; VariantName = "[No Variations]"
Change component parameters (AddParameter): Name = "Поставщик"; Value = ""; VariantName = "[No Variations]"
Change component parameters (AddParameter): Name = "Примечания"; Value = ""; VariantName = "[No Variations]"
Change component parameters (AddParameter): Name = "Тип"; Value = "Вилка штырьевая (2.54)"; VariantName = "[No Variations]"
Change component parameters: Designator = "XS1"; Footprint = "XS_USBB"; UniqueID = "\LRARGZMD"
Change component parameters. Clean all parameters for all variants
Change component parameters (AddParameter): Name = "Идентификатор"; Value = ""; VariantName = "[No Variations]"
Change component parameters (AddParameter): Name = "Корпус"; Value = ""; VariantName = "[No Variations]"
Change component parameters (AddParameter): Name = "Наименование"; Value = "USB-B"; VariantName = "[No Variations]"
Change component parameters (AddParameter): Name = "Напряжение"; Value = ""; VariantName = "[No Variations]"
Change component parameters (AddParameter): Name = "Номинал"; Value = ""; VariantName = "[No Variations]"
Change component parameters (AddParameter): Name = "Поставщик"; Value = ""; VariantName = "[No Variations]"
Change component parameters (AddParameter): Name = "Примечания"; Value = ""; VariantName = "[No Variations]"
Change component parameters (AddParameter): Name = "Тип"; Value = ""; VariantName = "[No Variations]"
Change component parameters: Designator = "XS2"; Footprint = "XS_KLS-2.54-03P"; UniqueID = "\SILCOUHI"
Change component parameters. Clean all parameters for all variants
Change component parameters (AddParameter): Name = "Идентификатор"; Value = "DG308-2.54-03P"; VariantName = "[No Variations]"
Change component parameters (AddParameter): Name = "Корпус"; Value = ""; VariantName = "[No Variations]"
Change component parameters (AddParameter): Name = "Наименование"; Value = "DG308-2.54-03P"; VariantName = "[No Variations]"
Change component parameters (AddParameter): Name = "Напряжение"; Value = ""; VariantName = "[No Variations]"
Change component parameters (AddParameter): Name = "Номинал"; Value = ""; VariantName = "[No Variations]"
Change component parameters (AddParameter): Name = "Поставщик"; Value = ""; VariantName = "[No Variations]"
Change component parameters (AddParameter): Name = "Примечания"; Value = ""; VariantName = "[No Variations]"
Change component parameters (AddParameter): Name = "Тип"; Value = ""; VariantName = "[No Variations]"
Change component parameters: Designator = "DA4"; Footprint = "SOT-23-6L"; UniqueID = "\YGGTEXCD"
Change component parameters. Clean all parameters for all variants
Change component parameters (AddParameter): Name = "Идентификатор"; Value = "USBLC6-2SC6"; VariantName = "[No Variations]"
Change component parameters (AddParameter): Name = "Корпус"; Value = "SOT23-6"; VariantName = "[No Variations]"
Change component parameters (AddParameter): Name = "Наименование"; Value = "USBLC6-2SC6"; VariantName = "[No Variations]"
Change component parameters (AddParameter): Name = "Напряжение"; Value = ""; VariantName = "[No Variations]"
Change component parameters (AddParameter): Name = "Номинал"; Value = ""; VariantName = "[No Variations]"
Change component parameters (AddParameter): Name = "Поставщик"; Value = ""; VariantName = "[No Variations]"
Change component parameters (AddParameter): Name = "Примечания"; Value = ""; VariantName = "[No Variations]"
Change component parameters (AddParameter): Name = "Тип"; Value = "ESD protector"; VariantName = "[No Variations]"
Change component parameters: Designator = "DD3"; Footprint = "SOP-8"; UniqueID = "\CMJRONUV"
Change component parameters. Clean all parameters for all variants
Change component parameters (AddParameter): Name = "Идентификатор"; Value = "SCM3721ASA"; VariantName = "[No Variations]"
Change component parameters (AddParameter): Name = "Корпус"; Value = ""; VariantName = "[No Variations]"
Change component parameters (AddParameter): Name = "Наименование"; Value = "SCM3721ASA"; VariantName = "[No Variations]"
Change component parameters (AddParameter): Name = "Напряжение"; Value = ""; VariantName = "[No Variations]"
Change component parameters (AddParameter): Name = "Номинал"; Value = ""; VariantName = "[No Variations]"
Change component parameters (AddParameter): Name = "Поставщик"; Value = ""; VariantName = "[No Variations]"
Change component parameters (AddParameter): Name = "Примечания"; Value = ""; VariantName = "[No Variations]"
Change component parameters (AddParameter): Name = "Тип"; Value = "SCM3721ASA"; VariantName = "[No Variations]"
Change component parameters: Designator = "G2"; Footprint = "AM1S-Z"; UniqueID = "\AGZWMJWX"
Change component parameters. Clean all parameters for all variants
Change component parameters (AddParameter): Name = "Идентификатор"; Value = "B0505S-1WR3"; VariantName = "[No Variations]"
Change component parameters (AddParameter): Name = "Корпус"; Value = ""; VariantName = "[No Variations]"
Change component parameters (AddParameter): Name = "Наименование"; Value = "B0505S-1WR3"; VariantName = "[No Variations]"
Change component parameters (AddParameter): Name = "Напряжение"; Value = "5 В"; VariantName = "[No Variations]"
Change component parameters (AddParameter): Name = "Номинал"; Value = ""; VariantName = "[No Variations]"
Change component parameters (AddParameter): Name = "Поставщик"; Value = ""; VariantName = "[No Variations]"
Change component parameters (AddParameter): Name = "Примечания"; Value = ""; VariantName = "[No Variations]"
Change component parameters (AddParameter): Name = "Тип"; Value = "Источник питания DC/DC"; VariantName = "[No Variations]"
Change component parameters: Designator = "R18"; Footprint = "RES_0805_(2x1.2x0.45)_0.125Вт"; UniqueID = "\KAFAWQHX"
Change component parameters. Clean all parameters for all variants
Change component parameters (AddParameter): Name = "Идентификатор"; Value = "RC0805JR-070RL"; VariantName = "[No Variations]"
Change component parameters (AddParameter): Name = "Корпус"; Value = "0805"; VariantName = "[No Variations]"
Change component parameters (AddParameter): Name = "Наименование"; Value = "RC0805JR-070RL"; VariantName = "[No Variations]"
Change component parameters (AddParameter): Name = "Напряжение"; Value = ""; VariantName = "[No Variations]"
Change component parameters (AddParameter): Name = "Номинал"; Value = "0"; VariantName = "[No Variations]"
Change component parameters (AddParameter): Name = "Поставщик"; Value = ""; VariantName = "[No Variations]"
Change component parameters (AddParameter): Name = "Примечания"; Value = ""; VariantName = "[No Variations]"
Change component parameters (AddParameter): Name = "Тип"; Value = "Резистор"; VariantName = "[No Variations]"
Change component parameters: Designator = "R20"; Footprint = "RES_0805_(2x1.2x0.45)_0.125Вт"; UniqueID = "\PSASOJSX"
Change component parameters. Clean all parameters for all variants
Change component parameters (AddParameter): Name = "Идентификатор"; Value = "RC0805JR-070RL"; VariantName = "[No Variations]"
Change component parameters (AddParameter): Name = "Корпус"; Value = "0805"; VariantName = "[No Variations]"
Change component parameters (AddParameter): Name = "Наименование"; Value = "RC0805JR-070RL"; VariantName = "[No Variations]"
Change component parameters (AddParameter): Name = "Напряжение"; Value = ""; VariantName = "[No Variations]"
Change component parameters (AddParameter): Name = "Номинал"; Value = "0"; VariantName = "[No Variations]"
Change component parameters (AddParameter): Name = "Поставщик"; Value = ""; VariantName = "[No Variations]"
Change component parameters (AddParameter): Name = "Примечания"; Value = ""; VariantName = "[No Variations]"
Change component parameters (AddParameter): Name = "Тип"; Value = "Резистор"; VariantName = "[No Variations]"
Change component parameters: Designator = "R25"; Footprint = "RES_0805_(2x1.2x0.45)_0.125Вт"; UniqueID = "\IVMWKMES"
Change component parameters. Clean all parameters for all variants
Change component parameters (AddParameter): Name = "Идентификатор"; Value = "RC0805JR-0736KL"; VariantName = "[No Variations]"
Change component parameters (AddParameter): Name = "Корпус"; Value = "0805"; VariantName = "[No Variations]"
Change component parameters (AddParameter): Name = "Наименование"; Value = "RC0805JR-0736KL"; VariantName = "[No Variations]"
Change component parameters (AddParameter): Name = "Напряжение"; Value = ""; VariantName = "[No Variations]"
Change component parameters (AddParameter): Name = "Номинал"; Value = "36 k"; VariantName = "[No Variations]"
Change component parameters (AddParameter): Name = "Поставщик"; Value = ""; VariantName = "[No Variations]"
Change component parameters (AddParameter): Name = "Примечания"; Value = ""; VariantName = "[No Variations]"
Change component parameters (AddParameter): Name = "Тип"; Value = "Резистор"; VariantName = "[No Variations]"
Change component parameters: Designator = "VT1"; Footprint = "SOT-23"; UniqueID = "\YSRRWRBO"
Change component parameters. Clean all parameters for all variants
Change component parameters (AddParameter): Name = "Идентификатор"; Value = "BC847B"; VariantName = "[No Variations]"
Change component parameters (AddParameter): Name = "Корпус"; Value = ""; VariantName = "[No Variations]"
Change component parameters (AddParameter): Name = "Наименование"; Value = "BC847B"; VariantName = "[No Variations]"
Change component parameters (AddParameter): Name = "Напряжение"; Value = ""; VariantName = "[No Variations]"
Change component parameters (AddParameter): Name = "Номинал"; Value = ""; VariantName = "[No Variations]"
Change component parameters (AddParameter): Name = "Поставщик"; Value = ""; VariantName = "[No Variations]"
Change component parameters (AddParameter): Name = "Примечания"; Value = ""; VariantName = "[No Variations]"
Change component parameters (AddParameter): Name = "Тип"; Value = ""; VariantName = "[No Variations]"
Change component parameters: Designator = "R34"; Footprint = "RES_0805_(2x1.2x0.45)_0.125Вт"; UniqueID = "\VMTSKWAI"
Change component parameters. Clean all parameters for all variants
Change component parameters (AddParameter): Name = "Идентификатор"; Value = "RC0805JR-073K3L"; VariantName = "[No Variations]"
Change component parameters (AddParameter): Name = "Корпус"; Value = "0805"; VariantName = "[No Variations]"
Change component parameters (AddParameter): Name = "Наименование"; Value = "RC0805JR-073K3L"; VariantName = "[No Variations]"
Change component parameters (AddParameter): Name = "Напряжение"; Value = ""; VariantName = "[No Variations]"
Change component parameters (AddParameter): Name = "Номинал"; Value = "3.3 k"; VariantName = "[No Variations]"
Change component parameters (AddParameter): Name = "Поставщик"; Value = ""; VariantName = "[No Variations]"
Change component parameters (AddParameter): Name = "Примечания"; Value = ""; VariantName = "[No Variations]"
Change component parameters (AddParameter): Name = "Тип"; Value = "Резистор"; VariantName = "[No Variations]"
Change component parameters: Designator = "C38"; Footprint = "CAP_0805_(2x1.25x1.3)"; UniqueID = "\RDFNSWRN"
Change component parameters. Clean all parameters for all variants
Change component parameters (AddParameter): Name = "Идентификатор"; Value = "VJ0805Y104KXACW1BC"; VariantName = "[No Variations]"
Change component parameters (AddParameter): Name = "Корпус"; Value = "0805"; VariantName = "[No Variations]"
Change component parameters (AddParameter): Name = "Наименование"; Value = "VJ0805Y104KXACW1BC"; VariantName = "[No Variations]"
Change component parameters (AddParameter): Name = "Напряжение"; Value = "50 В"; VariantName = "[No Variations]"
Change component parameters (AddParameter): Name = "Номинал"; Value = "0.1u"; VariantName = "[No Variations]"
Change component parameters (AddParameter): Name = "Поставщик"; Value = ""; VariantName = "[No Variations]"
Change component parameters (AddParameter): Name = "Примечания"; Value = "VJ0805Y104KXACW1BC"; VariantName = "[No Variations]"
Change component parameters (AddParameter): Name = "Тип"; Value = "Конденсатор"; VariantName = "[No Variations]"
