Added Component: Designator=BQ2(Xtal)
Add component. Clean all parameters for all variants
Add component (AddParameter): Name = "Идентификатор"; Value = ""; VariantName = "[No Variations]"
Add component (AddParameter): Name = "Корпус"; Value = ""; VariantName = "[No Variations]"
Add component (AddParameter): Name = "Наименование"; Value = ""; VariantName = "[No Variations]"
Add component (AddParameter): Name = "Напряжение"; Value = ""; VariantName = "[No Variations]"
Add component (AddParameter): Name = "Номинал"; Value = ""; VariantName = "[No Variations]"
Add component (AddParameter): Name = "Поставщик"; Value = ""; VariantName = "[No Variations]"
Add component (AddParameter): Name = "Примечания"; Value = ""; VariantName = "[No Variations]"
Add component (AddParameter): Name = "Тип"; Value = ""; VariantName = "[No Variations]"
Added Component: Designator=C33(CAP_0805_(2x1.25x1.3))
Add component. Clean all parameters for all variants
Add component (AddParameter): Name = "Идентификатор"; Value = "VJ0805Y104KXACW1BC"; VariantName = "[No Variations]"
Add component (AddParameter): Name = "Корпус"; Value = "0805"; VariantName = "[No Variations]"
Add component (AddParameter): Name = "Наименование"; Value = ""; VariantName = "[No Variations]"
Add component (AddParameter): Name = "Напряжение"; Value = "50 В"; VariantName = "[No Variations]"
Add component (AddParameter): Name = "Номинал"; Value = "20pF"; VariantName = "[No Variations]"
Add component (AddParameter): Name = "Поставщик"; Value = ""; VariantName = "[No Variations]"
Add component (AddParameter): Name = "Примечания"; Value = ""; VariantName = "[No Variations]"
Add component (AddParameter): Name = "Тип"; Value = "Конденсатор"; VariantName = "[No Variations]"
Added Component: Designator=C34(CAP_0805_(2x1.25x1.3))
Add component. Clean all parameters for all variants
Add component (AddParameter): Name = "Идентификатор"; Value = "VJ0805Y104KXACW1BC"; VariantName = "[No Variations]"
Add component (AddParameter): Name = "Корпус"; Value = "0805"; VariantName = "[No Variations]"
Add component (AddParameter): Name = "Наименование"; Value = ""; VariantName = "[No Variations]"
Add component (AddParameter): Name = "Напряжение"; Value = "50 В"; VariantName = "[No Variations]"
Add component (AddParameter): Name = "Номинал"; Value = "20pF"; VariantName = "[No Variations]"
Add component (AddParameter): Name = "Поставщик"; Value = ""; VariantName = "[No Variations]"
Add component (AddParameter): Name = "Примечания"; Value = ""; VariantName = "[No Variations]"
Add component (AddParameter): Name = "Тип"; Value = "Конденсатор"; VariantName = "[No Variations]"
Added Component: Designator=C35(CAP_0805_(2x1.25x1.3))
Add component. Clean all parameters for all variants
Add component (AddParameter): Name = "Идентификатор"; Value = ""; VariantName = "[No Variations]"
Add component (AddParameter): Name = "Корпус"; Value = "0805"; VariantName = "[No Variations]"
Add component (AddParameter): Name = "Наименование"; Value = ""; VariantName = "[No Variations]"
Add component (AddParameter): Name = "Напряжение"; Value = ""; VariantName = "[No Variations]"
Add component (AddParameter): Name = "Номинал"; Value = "0.1uF"; VariantName = "[No Variations]"
Add component (AddParameter): Name = "Поставщик"; Value = ""; VariantName = "[No Variations]"
Add component (AddParameter): Name = "Примечания"; Value = ""; VariantName = "[No Variations]"
Add component (AddParameter): Name = "Тип"; Value = "Конденсатор"; VariantName = "[No Variations]"
Added Component: Designator=C36(CAP_0805_(2x1.25x1.3))
Add component. Clean all parameters for all variants
Add component (AddParameter): Name = "Идентификатор"; Value = "VJ0805Y104KXACW1BC"; VariantName = "[No Variations]"
Add component (AddParameter): Name = "Корпус"; Value = "0805"; VariantName = "[No Variations]"
Add component (AddParameter): Name = "Наименование"; Value = ""; VariantName = "[No Variations]"
Add component (AddParameter): Name = "Напряжение"; Value = "50 В"; VariantName = "[No Variations]"
Add component (AddParameter): Name = "Номинал"; Value = "0.1u"; VariantName = "[No Variations]"
Add component (AddParameter): Name = "Поставщик"; Value = ""; VariantName = "[No Variations]"
Add component (AddParameter): Name = "Примечания"; Value = ""; VariantName = "[No Variations]"
Add component (AddParameter): Name = "Тип"; Value = "Конденсатор"; VariantName = "[No Variations]"
Added Component: Designator=C37(CAP_0805_(2x1.25x1.3))
Add component. Clean all parameters for all variants
Add component (AddParameter): Name = "Идентификатор"; Value = ""; VariantName = "[No Variations]"
Add component (AddParameter): Name = "Корпус"; Value = "0805"; VariantName = "[No Variations]"
Add component (AddParameter): Name = "Наименование"; Value = ""; VariantName = "[No Variations]"
Add component (AddParameter): Name = "Напряжение"; Value = ""; VariantName = "[No Variations]"
Add component (AddParameter): Name = "Номинал"; Value = "0.1uF"; VariantName = "[No Variations]"
Add component (AddParameter): Name = "Поставщик"; Value = ""; VariantName = "[No Variations]"
Add component (AddParameter): Name = "Примечания"; Value = ""; VariantName = "[No Variations]"
Add component (AddParameter): Name = "Тип"; Value = "Конденсатор"; VariantName = "[No Variations]"
Added Component: Designator=C38(CAP_0805_(2x1.25x1.3))
Add component. Clean all parameters for all variants
Add component (AddParameter): Name = "Идентификатор"; Value = "VJ0805Y104KXACW1BC"; VariantName = "[No Variations]"
Add component (AddParameter): Name = "Корпус"; Value = "0805"; VariantName = "[No Variations]"
Add component (AddParameter): Name = "Наименование"; Value = ""; VariantName = "[No Variations]"
Add component (AddParameter): Name = "Напряжение"; Value = "50 В"; VariantName = "[No Variations]"
Add component (AddParameter): Name = "Номинал"; Value = "0.1u"; VariantName = "[No Variations]"
Add component (AddParameter): Name = "Поставщик"; Value = ""; VariantName = "[No Variations]"
Add component (AddParameter): Name = "Примечания"; Value = ""; VariantName = "[No Variations]"
Add component (AddParameter): Name = "Тип"; Value = "Конденсатор"; VariantName = "[No Variations]"
Added Component: Designator=C39(CAP_0805_(2x1.25x1.3))
Add component. Clean all parameters for all variants
Add component (AddParameter): Name = "Идентификатор"; Value = ""; VariantName = "[No Variations]"
Add component (AddParameter): Name = "Корпус"; Value = "0805"; VariantName = "[No Variations]"
Add component (AddParameter): Name = "Наименование"; Value = ""; VariantName = "[No Variations]"
Add component (AddParameter): Name = "Напряжение"; Value = ""; VariantName = "[No Variations]"
Add component (AddParameter): Name = "Номинал"; Value = "1nF"; VariantName = "[No Variations]"
Add component (AddParameter): Name = "Поставщик"; Value = ""; VariantName = "[No Variations]"
Add component (AddParameter): Name = "Примечания"; Value = ""; VariantName = "[No Variations]"
Add component (AddParameter): Name = "Тип"; Value = "Конденсатор"; VariantName = "[No Variations]"
Added Component: Designator=C40(CAP_0805_(2x1.25x1.3))
Add component. Clean all parameters for all variants
Add component (AddParameter): Name = "Идентификатор"; Value = "VJ0805Y104KXACW1BC"; VariantName = "[No Variations]"
Add component (AddParameter): Name = "Корпус"; Value = "0805"; VariantName = "[No Variations]"
Add component (AddParameter): Name = "Наименование"; Value = ""; VariantName = "[No Variations]"
Add component (AddParameter): Name = "Напряжение"; Value = "50 В"; VariantName = "[No Variations]"
Add component (AddParameter): Name = "Номинал"; Value = "0.1u"; VariantName = "[No Variations]"
Add component (AddParameter): Name = "Поставщик"; Value = ""; VariantName = "[No Variations]"
Add component (AddParameter): Name = "Примечания"; Value = ""; VariantName = "[No Variations]"
Add component (AddParameter): Name = "Тип"; Value = "Конденсатор"; VariantName = "[No Variations]"
Added Component: Designator=C41(CAP_0805_(2x1.25x1.3))
Add component. Clean all parameters for all variants
Add component (AddParameter): Name = "Идентификатор"; Value = "VJ0805Y104KXACW1BC"; VariantName = "[No Variations]"
Add component (AddParameter): Name = "Корпус"; Value = "0805"; VariantName = "[No Variations]"
Add component (AddParameter): Name = "Наименование"; Value = ""; VariantName = "[No Variations]"
Add component (AddParameter): Name = "Напряжение"; Value = "50 В"; VariantName = "[No Variations]"
Add component (AddParameter): Name = "Номинал"; Value = "0.1u"; VariantName = "[No Variations]"
Add component (AddParameter): Name = "Поставщик"; Value = ""; VariantName = "[No Variations]"
Add component (AddParameter): Name = "Примечания"; Value = ""; VariantName = "[No Variations]"
Add component (AddParameter): Name = "Тип"; Value = "Конденсатор"; VariantName = "[No Variations]"
Added Component: Designator=C42(CAP_TAN_B)
Add component. Clean all parameters for all variants
Add component (AddParameter): Name = "Идентификатор"; Value = "293D226X9010A2TE3"; VariantName = "[No Variations]"
Add component (AddParameter): Name = "Корпус"; Value = "A"; VariantName = "[No Variations]"
Add component (AddParameter): Name = "Наименование"; Value = ""; VariantName = "[No Variations]"
Add component (AddParameter): Name = "Напряжение"; Value = "10 В"; VariantName = "[No Variations]"
Add component (AddParameter): Name = "Номинал"; Value = "22u"; VariantName = "[No Variations]"
Add component (AddParameter): Name = "Поставщик"; Value = ""; VariantName = "[No Variations]"
Add component (AddParameter): Name = "Примечания"; Value = ""; VariantName = "[No Variations]"
Add component (AddParameter): Name = "Тип"; Value = "Конденсатор танталовый"; VariantName = "[No Variations]"
Added Component: Designator=C43(CAP_0805_(2x1.25x1.3))
Add component. Clean all parameters for all variants
Add component (AddParameter): Name = "Идентификатор"; Value = "VJ0805Y104KXACW1BC"; VariantName = "[No Variations]"
Add component (AddParameter): Name = "Корпус"; Value = "0805"; VariantName = "[No Variations]"
Add component (AddParameter): Name = "Наименование"; Value = ""; VariantName = "[No Variations]"
Add component (AddParameter): Name = "Напряжение"; Value = "50 В"; VariantName = "[No Variations]"
Add component (AddParameter): Name = "Номинал"; Value = "0.1u"; VariantName = "[No Variations]"
Add component (AddParameter): Name = "Поставщик"; Value = ""; VariantName = "[No Variations]"
Add component (AddParameter): Name = "Примечания"; Value = ""; VariantName = "[No Variations]"
Add component (AddParameter): Name = "Тип"; Value = "Конденсатор"; VariantName = "[No Variations]"
Added Component: Designator=C44(CAP_0805_(2x1.25x1.3))
Add component. Clean all parameters for all variants
Add component (AddParameter): Name = "Идентификатор"; Value = "CC0805JRX7R9BB103"; VariantName = "[No Variations]"
Add component (AddParameter): Name = "Корпус"; Value = "0805"; VariantName = "[No Variations]"
Add component (AddParameter): Name = "Наименование"; Value = ""; VariantName = "[No Variations]"
Add component (AddParameter): Name = "Напряжение"; Value = "50 В"; VariantName = "[No Variations]"
Add component (AddParameter): Name = "Номинал"; Value = "10n"; VariantName = "[No Variations]"
Add component (AddParameter): Name = "Поставщик"; Value = ""; VariantName = "[No Variations]"
Add component (AddParameter): Name = "Примечания"; Value = ""; VariantName = "[No Variations]"
Add component (AddParameter): Name = "Тип"; Value = "Конденсатор"; VariantName = "[No Variations]"
Added Component: Designator=C45(CAP_0805_(2x1.25x1.3))
Add component. Clean all parameters for all variants
Add component (AddParameter): Name = "Идентификатор"; Value = ""; VariantName = "[No Variations]"
Add component (AddParameter): Name = "Корпус"; Value = "0805"; VariantName = "[No Variations]"
Add component (AddParameter): Name = "Наименование"; Value = ""; VariantName = "[No Variations]"
Add component (AddParameter): Name = "Напряжение"; Value = ""; VariantName = "[No Variations]"
Add component (AddParameter): Name = "Номинал"; Value = "0.1uF"; VariantName = "[No Variations]"
Add component (AddParameter): Name = "Поставщик"; Value = ""; VariantName = "[No Variations]"
Add component (AddParameter): Name = "Примечания"; Value = ""; VariantName = "[No Variations]"
Add component (AddParameter): Name = "Тип"; Value = "Конденсатор"; VariantName = "[No Variations]"
Added Component: Designator=C46(CAP_0805_(2x1.25x1.3))
Add component. Clean all parameters for all variants
Add component (AddParameter): Name = "Идентификатор"; Value = "CC0805JRX7R9BB103"; VariantName = "[No Variations]"
Add component (AddParameter): Name = "Корпус"; Value = "0805"; VariantName = "[No Variations]"
Add component (AddParameter): Name = "Наименование"; Value = ""; VariantName = "[No Variations]"
Add component (AddParameter): Name = "Напряжение"; Value = "50 В"; VariantName = "[No Variations]"
Add component (AddParameter): Name = "Номинал"; Value = "10n"; VariantName = "[No Variations]"
Add component (AddParameter): Name = "Поставщик"; Value = ""; VariantName = "[No Variations]"
Add component (AddParameter): Name = "Примечания"; Value = ""; VariantName = "[No Variations]"
Add component (AddParameter): Name = "Тип"; Value = "Конденсатор"; VariantName = "[No Variations]"
Added Component: Designator=C47(CAP_0805_(2x1.25x1.3))
Add component. Clean all parameters for all variants
Add component (AddParameter): Name = "Идентификатор"; Value = "CC0805JKX7R9BB105"; VariantName = "[No Variations]"
Add component (AddParameter): Name = "Корпус"; Value = "0805"; VariantName = "[No Variations]"
Add component (AddParameter): Name = "Наименование"; Value = ""; VariantName = "[No Variations]"
Add component (AddParameter): Name = "Напряжение"; Value = "50 В"; VariantName = "[No Variations]"
Add component (AddParameter): Name = "Номинал"; Value = "1u"; VariantName = "[No Variations]"
Add component (AddParameter): Name = "Поставщик"; Value = ""; VariantName = "[No Variations]"
Add component (AddParameter): Name = "Примечания"; Value = ""; VariantName = "[No Variations]"
Add component (AddParameter): Name = "Тип"; Value = "Конденсатор"; VariantName = "[No Variations]"
Added Component: Designator=C48(CAP_0805_(2x1.25x1.3))
Add component. Clean all parameters for all variants
Add component (AddParameter): Name = "Идентификатор"; Value = "CC0805JKX7R9BB105"; VariantName = "[No Variations]"
Add component (AddParameter): Name = "Корпус"; Value = "0805"; VariantName = "[No Variations]"
Add component (AddParameter): Name = "Наименование"; Value = ""; VariantName = "[No Variations]"
Add component (AddParameter): Name = "Напряжение"; Value = "50 В"; VariantName = "[No Variations]"
Add component (AddParameter): Name = "Номинал"; Value = "1u"; VariantName = "[No Variations]"
Add component (AddParameter): Name = "Поставщик"; Value = ""; VariantName = "[No Variations]"
Add component (AddParameter): Name = "Примечания"; Value = ""; VariantName = "[No Variations]"
Add component (AddParameter): Name = "Тип"; Value = "Конденсатор"; VariantName = "[No Variations]"
Added Component: Designator=C49(CAP_TAN_B)
Add component. Clean all parameters for all variants
Add component (AddParameter): Name = "Идентификатор"; Value = "293D226X9010A2TE3"; VariantName = "[No Variations]"
Add component (AddParameter): Name = "Корпус"; Value = "A"; VariantName = "[No Variations]"
Add component (AddParameter): Name = "Наименование"; Value = ""; VariantName = "[No Variations]"
Add component (AddParameter): Name = "Напряжение"; Value = "10 В"; VariantName = "[No Variations]"
Add component (AddParameter): Name = "Номинал"; Value = "22u"; VariantName = "[No Variations]"
Add component (AddParameter): Name = "Поставщик"; Value = ""; VariantName = "[No Variations]"
Add component (AddParameter): Name = "Примечания"; Value = ""; VariantName = "[No Variations]"
Add component (AddParameter): Name = "Тип"; Value = "Конденсатор танталовый"; VariantName = "[No Variations]"
Added Component: Designator=C50(CAP_0805_(2x1.25x1.3))
Add component. Clean all parameters for all variants
Add component (AddParameter): Name = "Идентификатор"; Value = ""; VariantName = "[No Variations]"
Add component (AddParameter): Name = "Корпус"; Value = "0805"; VariantName = "[No Variations]"
Add component (AddParameter): Name = "Наименование"; Value = ""; VariantName = "[No Variations]"
Add component (AddParameter): Name = "Напряжение"; Value = ""; VariantName = "[No Variations]"
Add component (AddParameter): Name = "Номинал"; Value = "0.1uF"; VariantName = "[No Variations]"
Add component (AddParameter): Name = "Поставщик"; Value = ""; VariantName = "[No Variations]"
Add component (AddParameter): Name = "Примечания"; Value = ""; VariantName = "[No Variations]"
Add component (AddParameter): Name = "Тип"; Value = "Конденсатор"; VariantName = "[No Variations]"
Added Component: Designator=C51(CAP_0805_(2x1.25x1.3))
Add component. Clean all parameters for all variants
Add component (AddParameter): Name = "Идентификатор"; Value = "VJ0805Y104KXACW1BC"; VariantName = "[No Variations]"
Add component (AddParameter): Name = "Корпус"; Value = "0805"; VariantName = "[No Variations]"
Add component (AddParameter): Name = "Наименование"; Value = ""; VariantName = "[No Variations]"
Add component (AddParameter): Name = "Напряжение"; Value = "50 В"; VariantName = "[No Variations]"
Add component (AddParameter): Name = "Номинал"; Value = "0.1u"; VariantName = "[No Variations]"
Add component (AddParameter): Name = "Поставщик"; Value = ""; VariantName = "[No Variations]"
Add component (AddParameter): Name = "Примечания"; Value = ""; VariantName = "[No Variations]"
Add component (AddParameter): Name = "Тип"; Value = "Конденсатор"; VariantName = "[No Variations]"
Added Component: Designator=C52(CAP_0805_(2x1.25x1.3))
Add component. Clean all parameters for all variants
Add component (AddParameter): Name = "Идентификатор"; Value = ""; VariantName = "[No Variations]"
Add component (AddParameter): Name = "Корпус"; Value = "0805"; VariantName = "[No Variations]"
Add component (AddParameter): Name = "Наименование"; Value = ""; VariantName = "[No Variations]"
Add component (AddParameter): Name = "Напряжение"; Value = ""; VariantName = "[No Variations]"
Add component (AddParameter): Name = "Номинал"; Value = "1uF"; VariantName = "[No Variations]"
Add component (AddParameter): Name = "Поставщик"; Value = ""; VariantName = "[No Variations]"
Add component (AddParameter): Name = "Примечания"; Value = ""; VariantName = "[No Variations]"
Add component (AddParameter): Name = "Тип"; Value = "Конденсатор"; VariantName = "[No Variations]"
Added Component: Designator=C53(CAP_0805_(2x1.25x1.3))
Add component. Clean all parameters for all variants
Add component (AddParameter): Name = "Идентификатор"; Value = "CC0805JKX7R9BB105"; VariantName = "[No Variations]"
Add component (AddParameter): Name = "Корпус"; Value = "0805"; VariantName = "[No Variations]"
Add component (AddParameter): Name = "Наименование"; Value = ""; VariantName = "[No Variations]"
Add component (AddParameter): Name = "Напряжение"; Value = "50 В"; VariantName = "[No Variations]"
Add component (AddParameter): Name = "Номинал"; Value = "1u"; VariantName = "[No Variations]"
Add component (AddParameter): Name = "Поставщик"; Value = ""; VariantName = "[No Variations]"
Add component (AddParameter): Name = "Примечания"; Value = ""; VariantName = "[No Variations]"
Add component (AddParameter): Name = "Тип"; Value = "Конденсатор"; VariantName = "[No Variations]"
Added Component: Designator=C54(CAP_TAN_B)
Add component. Clean all parameters for all variants
Add component (AddParameter): Name = "Идентификатор"; Value = "293D226X9010A2TE3"; VariantName = "[No Variations]"
Add component (AddParameter): Name = "Корпус"; Value = "A"; VariantName = "[No Variations]"
Add component (AddParameter): Name = "Наименование"; Value = ""; VariantName = "[No Variations]"
Add component (AddParameter): Name = "Напряжение"; Value = "10 В"; VariantName = "[No Variations]"
Add component (AddParameter): Name = "Номинал"; Value = "22u"; VariantName = "[No Variations]"
Add component (AddParameter): Name = "Поставщик"; Value = ""; VariantName = "[No Variations]"
Add component (AddParameter): Name = "Примечания"; Value = ""; VariantName = "[No Variations]"
Add component (AddParameter): Name = "Тип"; Value = "Конденсатор танталовый"; VariantName = "[No Variations]"
Added Component: Designator=C55(CAP_0805_(2x1.25x1.3))
Add component. Clean all parameters for all variants
Add component (AddParameter): Name = "Идентификатор"; Value = ""; VariantName = "[No Variations]"
Add component (AddParameter): Name = "Корпус"; Value = "0805"; VariantName = "[No Variations]"
Add component (AddParameter): Name = "Наименование"; Value = ""; VariantName = "[No Variations]"
Add component (AddParameter): Name = "Напряжение"; Value = ""; VariantName = "[No Variations]"
Add component (AddParameter): Name = "Номинал"; Value = "100nF"; VariantName = "[No Variations]"
Add component (AddParameter): Name = "Поставщик"; Value = ""; VariantName = "[No Variations]"
Add component (AddParameter): Name = "Примечания"; Value = ""; VariantName = "[No Variations]"
Add component (AddParameter): Name = "Тип"; Value = "Конденсатор"; VariantName = "[No Variations]"
Added Component: Designator=C56(CAP_0805_(2x1.25x1.3))
Add component. Clean all parameters for all variants
Add component (AddParameter): Name = "Идентификатор"; Value = ""; VariantName = "[No Variations]"
Add component (AddParameter): Name = "Корпус"; Value = "0805"; VariantName = "[No Variations]"
Add component (AddParameter): Name = "Наименование"; Value = ""; VariantName = "[No Variations]"
Add component (AddParameter): Name = "Напряжение"; Value = ""; VariantName = "[No Variations]"
Add component (AddParameter): Name = "Номинал"; Value = "10nF"; VariantName = "[No Variations]"
Add component (AddParameter): Name = "Поставщик"; Value = ""; VariantName = "[No Variations]"
Add component (AddParameter): Name = "Примечания"; Value = ""; VariantName = "[No Variations]"
Add component (AddParameter): Name = "Тип"; Value = "Конденсатор"; VariantName = "[No Variations]"
Added Component: Designator=C57(CAP_0805_(2x1.25x1.3))
Add component. Clean all parameters for all variants
Add component (AddParameter): Name = "Идентификатор"; Value = ""; VariantName = "[No Variations]"
Add component (AddParameter): Name = "Корпус"; Value = "0805"; VariantName = "[No Variations]"
Add component (AddParameter): Name = "Наименование"; Value = ""; VariantName = "[No Variations]"
Add component (AddParameter): Name = "Напряжение"; Value = ""; VariantName = "[No Variations]"
Add component (AddParameter): Name = "Номинал"; Value = "100nF"; VariantName = "[No Variations]"
Add component (AddParameter): Name = "Поставщик"; Value = ""; VariantName = "[No Variations]"
Add component (AddParameter): Name = "Примечания"; Value = ""; VariantName = "[No Variations]"
Add component (AddParameter): Name = "Тип"; Value = "Конденсатор"; VariantName = "[No Variations]"
Added Component: Designator=C58(CAP_0805_(2x1.25x1.3))
Add component. Clean all parameters for all variants
Add component (AddParameter): Name = "Идентификатор"; Value = "CC0805JKX7R9BB105"; VariantName = "[No Variations]"
Add component (AddParameter): Name = "Корпус"; Value = "0805"; VariantName = "[No Variations]"
Add component (AddParameter): Name = "Наименование"; Value = ""; VariantName = "[No Variations]"
Add component (AddParameter): Name = "Напряжение"; Value = "50 В"; VariantName = "[No Variations]"
Add component (AddParameter): Name = "Номинал"; Value = "1u"; VariantName = "[No Variations]"
Add component (AddParameter): Name = "Поставщик"; Value = ""; VariantName = "[No Variations]"
Add component (AddParameter): Name = "Примечания"; Value = ""; VariantName = "[No Variations]"
Add component (AddParameter): Name = "Тип"; Value = "Конденсатор"; VariantName = "[No Variations]"
Added Component: Designator=C59(CAP_0805_(2x1.25x1.3))
Add component. Clean all parameters for all variants
Add component (AddParameter): Name = "Идентификатор"; Value = "CC0805JKX7R9BB105"; VariantName = "[No Variations]"
Add component (AddParameter): Name = "Корпус"; Value = "0805"; VariantName = "[No Variations]"
Add component (AddParameter): Name = "Наименование"; Value = ""; VariantName = "[No Variations]"
Add component (AddParameter): Name = "Напряжение"; Value = "50 В"; VariantName = "[No Variations]"
Add component (AddParameter): Name = "Номинал"; Value = "1u"; VariantName = "[No Variations]"
Add component (AddParameter): Name = "Поставщик"; Value = ""; VariantName = "[No Variations]"
Add component (AddParameter): Name = "Примечания"; Value = ""; VariantName = "[No Variations]"
Add component (AddParameter): Name = "Тип"; Value = "Конденсатор"; VariantName = "[No Variations]"
Added Component: Designator=DA4(SOT-23-6L)
Add component. Clean all parameters for all variants
Add component (AddParameter): Name = "Идентификатор"; Value = ""; VariantName = "[No Variations]"
Add component (AddParameter): Name = "Корпус"; Value = "SOT23-6"; VariantName = "[No Variations]"
Add component (AddParameter): Name = "Наименование"; Value = ""; VariantName = "[No Variations]"
Add component (AddParameter): Name = "Напряжение"; Value = ""; VariantName = "[No Variations]"
Add component (AddParameter): Name = "Номинал"; Value = ""; VariantName = "[No Variations]"
Add component (AddParameter): Name = "Поставщик"; Value = ""; VariantName = "[No Variations]"
Add component (AddParameter): Name = "Примечания"; Value = ""; VariantName = "[No Variations]"
Add component (AddParameter): Name = "Тип"; Value = "ESD protector"; VariantName = "[No Variations]"
Added Component: Designator=DD2(LQFP_48)
Add component. Clean all parameters for all variants
Add component (AddParameter): Name = "ComponentLink1Description"; Value = "Manufacturer Link"; VariantName = "[No Variations]"
Add component (AddParameter): Name = "ComponentLink1URL"; Value = "www.st.com/stm32"; VariantName = "[No Variations]"
Add component (AddParameter): Name = "ComponentLink2Description"; Value = "Datasheet"; VariantName = "[No Variations]"
Add component (AddParameter): Name = "ComponentLink2URL"; Value = "http://www.st.com/stonline/products/literature/ds/13587.pdf"; VariantName = "[No Variations]"
Add component (AddParameter): Name = "DatasheetVersion"; Value = "rev6, Mar-2008"; VariantName = "[No Variations]"
Add component (AddParameter): Name = "PackageDescription"; Value = "48-Pin Low-Profile Quad Flat Pack, 7 x 7 mm Body, 0.5 mm Pitch (LQFP48)"; VariantName = "[No Variations]"
Add component (AddParameter): Name = "PackageReference"; Value = "LQFP48"; VariantName = "[No Variations]"
Add component (AddParameter): Name = "PackageVersion"; Value = "Mar-2008"; VariantName = "[No Variations]"
Add component (AddParameter): Name = "Published"; Value = "30-May-2008"; VariantName = "[No Variations]"
Add component (AddParameter): Name = "Publisher"; Value = "Altium Limited"; VariantName = "[No Variations]"
Added Component: Designator=DD3(SOP-8)
Add component. Clean all parameters for all variants
Add component (AddParameter): Name = "Идентификатор"; Value = ""; VariantName = "[No Variations]"
Add component (AddParameter): Name = "Корпус"; Value = ""; VariantName = "[No Variations]"
Add component (AddParameter): Name = "Наименование"; Value = ""; VariantName = "[No Variations]"
Add component (AddParameter): Name = "Напряжение"; Value = ""; VariantName = "[No Variations]"
Add component (AddParameter): Name = "Номинал"; Value = ""; VariantName = "[No Variations]"
Add component (AddParameter): Name = "Поставщик"; Value = ""; VariantName = "[No Variations]"
Add component (AddParameter): Name = "Примечания"; Value = ""; VariantName = "[No Variations]"
Add component (AddParameter): Name = "Тип"; Value = "SCM3721ASA"; VariantName = "[No Variations]"
Added Component: Designator=DD4(sot-23-5)
Add component. Clean all parameters for all variants
Add component (AddParameter): Name = "Parameter 1"; Value = "74HC1G14GV"; VariantName = "[No Variations]"
Added Component: Designator=DD5(SO-8_(0.15'))
Add component. Clean all parameters for all variants
Add component (AddParameter): Name = "Идентификатор"; Value = ""; VariantName = "[No Variations]"
Add component (AddParameter): Name = "Корпус"; Value = ""; VariantName = "[No Variations]"
Add component (AddParameter): Name = "Наименование"; Value = ""; VariantName = "[No Variations]"
Add component (AddParameter): Name = "Напряжение"; Value = ""; VariantName = "[No Variations]"
Add component (AddParameter): Name = "Номинал"; Value = ""; VariantName = "[No Variations]"
Add component (AddParameter): Name = "Поставщик"; Value = ""; VariantName = "[No Variations]"
Add component (AddParameter): Name = "Примечания"; Value = ""; VariantName = "[No Variations]"
Add component (AddParameter): Name = "Тип"; Value = "ST3485EBDR"; VariantName = "[No Variations]"
Added Component: Designator=DD6(sot-23-5)
Add component. Clean all parameters for all variants
Add component (AddParameter): Name = "Parameter 1"; Value = "74HC1G14GV"; VariantName = "[No Variations]"
Added Component: Designator=G2(AM1S-Z)
Add component. Clean all parameters for all variants
Add component (AddParameter): Name = "Идентификатор"; Value = "B0505ST-1WR3"; VariantName = "[No Variations]"
Add component (AddParameter): Name = "Корпус"; Value = ""; VariantName = "[No Variations]"
Add component (AddParameter): Name = "Наименование"; Value = ""; VariantName = "[No Variations]"
Add component (AddParameter): Name = "Напряжение"; Value = "5 В"; VariantName = "[No Variations]"
Add component (AddParameter): Name = "Номинал"; Value = ""; VariantName = "[No Variations]"
Add component (AddParameter): Name = "Поставщик"; Value = ""; VariantName = "[No Variations]"
Add component (AddParameter): Name = "Примечания"; Value = ""; VariantName = "[No Variations]"
Add component (AddParameter): Name = "Тип"; Value = "Источник питания DC/DC"; VariantName = "[No Variations]"
Added Component: Designator=L5(L_SRN3015)
Add component. Clean all parameters for all variants
Add component (AddParameter): Name = "Идентификатор"; Value = "SRN3015-100M"; VariantName = "[No Variations]"
Add component (AddParameter): Name = "Корпус"; Value = ""; VariantName = "[No Variations]"
Add component (AddParameter): Name = "Наименование"; Value = ""; VariantName = "[No Variations]"
Add component (AddParameter): Name = "Напряжение"; Value = ""; VariantName = "[No Variations]"
Add component (AddParameter): Name = "Номинал"; Value = "10 мкГн, 1 А"; VariantName = "[No Variations]"
Add component (AddParameter): Name = "Поставщик"; Value = ""; VariantName = "[No Variations]"
Add component (AddParameter): Name = "Примечания"; Value = ""; VariantName = "[No Variations]"
Add component (AddParameter): Name = "Тип"; Value = "Индуктивность"; VariantName = "[No Variations]"
Added Component: Designator=R16(RES_0805_(2x1.2x0.45)_0.125Вт)
Add component. Clean all parameters for all variants
Add component (AddParameter): Name = "Идентификатор"; Value = "-"; VariantName = "[No Variations]"
Add component (AddParameter): Name = "Корпус"; Value = "0805"; VariantName = "[No Variations]"
Add component (AddParameter): Name = "Наименование"; Value = ""; VariantName = "[No Variations]"
Add component (AddParameter): Name = "Напряжение"; Value = ""; VariantName = "[No Variations]"
Add component (AddParameter): Name = "Номинал"; Value = "4.7k"; VariantName = "[No Variations]"
Add component (AddParameter): Name = "Поставщик"; Value = ""; VariantName = "[No Variations]"
Add component (AddParameter): Name = "Примечания"; Value = ""; VariantName = "[No Variations]"
Add component (AddParameter): Name = "Тип"; Value = "Резистор"; VariantName = "[No Variations]"
Added Component: Designator=R17(RES_0805_(2x1.2x0.45)_0.125Вт)
Add component. Clean all parameters for all variants
Add component (AddParameter): Name = "Идентификатор"; Value = "-"; VariantName = "[No Variations]"
Add component (AddParameter): Name = "Корпус"; Value = "0805"; VariantName = "[No Variations]"
Add component (AddParameter): Name = "Наименование"; Value = ""; VariantName = "[No Variations]"
Add component (AddParameter): Name = "Напряжение"; Value = ""; VariantName = "[No Variations]"
Add component (AddParameter): Name = "Номинал"; Value = "4.7k"; VariantName = "[No Variations]"
Add component (AddParameter): Name = "Поставщик"; Value = ""; VariantName = "[No Variations]"
Add component (AddParameter): Name = "Примечания"; Value = ""; VariantName = "[No Variations]"
Add component (AddParameter): Name = "Тип"; Value = "Резистор"; VariantName = "[No Variations]"
Added Component: Designator=R18(RES_0805_(2x1.2x0.45)_0.125Вт)
Add component. Clean all parameters for all variants
Add component (AddParameter): Name = "Идентификатор"; Value = "-"; VariantName = "[No Variations]"
Add component (AddParameter): Name = "Корпус"; Value = "0805"; VariantName = "[No Variations]"
Add component (AddParameter): Name = "Наименование"; Value = ""; VariantName = "[No Variations]"
Add component (AddParameter): Name = "Напряжение"; Value = ""; VariantName = "[No Variations]"
Add component (AddParameter): Name = "Номинал"; Value = "0"; VariantName = "[No Variations]"
Add component (AddParameter): Name = "Поставщик"; Value = ""; VariantName = "[No Variations]"
Add component (AddParameter): Name = "Примечания"; Value = ""; VariantName = "[No Variations]"
Add component (AddParameter): Name = "Тип"; Value = "Резистор"; VariantName = "[No Variations]"
Added Component: Designator=R19(RES_0805_(2x1.2x0.45)_0.125Вт)
Add component. Clean all parameters for all variants
Add component (AddParameter): Name = "Идентификатор"; Value = "RC0805JR-071K5L"; VariantName = "[No Variations]"
Add component (AddParameter): Name = "Корпус"; Value = "0805"; VariantName = "[No Variations]"
Add component (AddParameter): Name = "Наименование"; Value = ""; VariantName = "[No Variations]"
Add component (AddParameter): Name = "Напряжение"; Value = ""; VariantName = "[No Variations]"
Add component (AddParameter): Name = "Номинал"; Value = "1.5 k"; VariantName = "[No Variations]"
Add component (AddParameter): Name = "Поставщик"; Value = ""; VariantName = "[No Variations]"
Add component (AddParameter): Name = "Примечания"; Value = ""; VariantName = "[No Variations]"
Add component (AddParameter): Name = "Тип"; Value = "Резистор"; VariantName = "[No Variations]"
Added Component: Designator=R20(RES_0805_(2x1.2x0.45)_0.125Вт)
Add component. Clean all parameters for all variants
Add component (AddParameter): Name = "Идентификатор"; Value = "-"; VariantName = "[No Variations]"
Add component (AddParameter): Name = "Корпус"; Value = "0805"; VariantName = "[No Variations]"
Add component (AddParameter): Name = "Наименование"; Value = ""; VariantName = "[No Variations]"
Add component (AddParameter): Name = "Напряжение"; Value = ""; VariantName = "[No Variations]"
Add component (AddParameter): Name = "Номинал"; Value = "0"; VariantName = "[No Variations]"
Add component (AddParameter): Name = "Поставщик"; Value = ""; VariantName = "[No Variations]"
Add component (AddParameter): Name = "Примечания"; Value = ""; VariantName = "[No Variations]"
Add component (AddParameter): Name = "Тип"; Value = "Резистор"; VariantName = "[No Variations]"
Added Component: Designator=R21(RES_0805_(2x1.2x0.45)_0.125Вт)
Add component. Clean all parameters for all variants
Add component (AddParameter): Name = "Идентификатор"; Value = "RC0805JR-071K5L"; VariantName = "[No Variations]"
Add component (AddParameter): Name = "Корпус"; Value = "0805"; VariantName = "[No Variations]"
Add component (AddParameter): Name = "Наименование"; Value = ""; VariantName = "[No Variations]"
Add component (AddParameter): Name = "Напряжение"; Value = ""; VariantName = "[No Variations]"
Add component (AddParameter): Name = "Номинал"; Value = "1.5 k"; VariantName = "[No Variations]"
Add component (AddParameter): Name = "Поставщик"; Value = ""; VariantName = "[No Variations]"
Add component (AddParameter): Name = "Примечания"; Value = ""; VariantName = "[No Variations]"
Add component (AddParameter): Name = "Тип"; Value = "Резистор"; VariantName = "[No Variations]"
Added Component: Designator=R22(RES_0805_(2x1.2x0.45)_0.125Вт)
Add component. Clean all parameters for all variants
Add component (AddParameter): Name = "Идентификатор"; Value = "RC0805JR-071K5L"; VariantName = "[No Variations]"
Add component (AddParameter): Name = "Корпус"; Value = "0805"; VariantName = "[No Variations]"
Add component (AddParameter): Name = "Наименование"; Value = ""; VariantName = "[No Variations]"
Add component (AddParameter): Name = "Напряжение"; Value = ""; VariantName = "[No Variations]"
Add component (AddParameter): Name = "Номинал"; Value = "1.5 k"; VariantName = "[No Variations]"
Add component (AddParameter): Name = "Поставщик"; Value = ""; VariantName = "[No Variations]"
Add component (AddParameter): Name = "Примечания"; Value = ""; VariantName = "[No Variations]"
Add component (AddParameter): Name = "Тип"; Value = "Резистор"; VariantName = "[No Variations]"
Added Component: Designator=R23(RES_0805_(2x1.2x0.45)_0.125Вт)
Add component. Clean all parameters for all variants
Add component (AddParameter): Name = "Идентификатор"; Value = "-"; VariantName = "[No Variations]"
Add component (AddParameter): Name = "Корпус"; Value = "0805"; VariantName = "[No Variations]"
Add component (AddParameter): Name = "Наименование"; Value = ""; VariantName = "[No Variations]"
Add component (AddParameter): Name = "Напряжение"; Value = ""; VariantName = "[No Variations]"
Add component (AddParameter): Name = "Номинал"; Value = "100k"; VariantName = "[No Variations]"
Add component (AddParameter): Name = "Поставщик"; Value = ""; VariantName = "[No Variations]"
Add component (AddParameter): Name = "Примечания"; Value = ""; VariantName = "[No Variations]"
Add component (AddParameter): Name = "Тип"; Value = "Резистор"; VariantName = "[No Variations]"
Added Component: Designator=R24(RES_0805_(2x1.2x0.45)_0.125Вт)
Add component. Clean all parameters for all variants
Add component (AddParameter): Name = "Идентификатор"; Value = "-"; VariantName = "[No Variations]"
Add component (AddParameter): Name = "Корпус"; Value = "0805"; VariantName = "[No Variations]"
Add component (AddParameter): Name = "Наименование"; Value = ""; VariantName = "[No Variations]"
Add component (AddParameter): Name = "Напряжение"; Value = ""; VariantName = "[No Variations]"
Add component (AddParameter): Name = "Номинал"; Value = "10 k"; VariantName = "[No Variations]"
Add component (AddParameter): Name = "Поставщик"; Value = ""; VariantName = "[No Variations]"
Add component (AddParameter): Name = "Примечания"; Value = ""; VariantName = "[No Variations]"
Add component (AddParameter): Name = "Тип"; Value = "Резистор"; VariantName = "[No Variations]"
Added Component: Designator=R25(RES_0805_(2x1.2x0.45)_0.125Вт)
Add component. Clean all parameters for all variants
Add component (AddParameter): Name = "Идентификатор"; Value = "-"; VariantName = "[No Variations]"
Add component (AddParameter): Name = "Корпус"; Value = "0805"; VariantName = "[No Variations]"
Add component (AddParameter): Name = "Наименование"; Value = ""; VariantName = "[No Variations]"
Add component (AddParameter): Name = "Напряжение"; Value = ""; VariantName = "[No Variations]"
Add component (AddParameter): Name = "Номинал"; Value = "36 k"; VariantName = "[No Variations]"
Add component (AddParameter): Name = "Поставщик"; Value = ""; VariantName = "[No Variations]"
Add component (AddParameter): Name = "Примечания"; Value = ""; VariantName = "[No Variations]"
Add component (AddParameter): Name = "Тип"; Value = "Резистор"; VariantName = "[No Variations]"
Added Component: Designator=R26(RES_0805_(2x1.2x0.45)_0.125Вт)
Add component. Clean all parameters for all variants
Add component (AddParameter): Name = "Идентификатор"; Value = "-"; VariantName = "[No Variations]"
Add component (AddParameter): Name = "Корпус"; Value = "0805"; VariantName = "[No Variations]"
Add component (AddParameter): Name = "Наименование"; Value = ""; VariantName = "[No Variations]"
Add component (AddParameter): Name = "Напряжение"; Value = ""; VariantName = "[No Variations]"
Add component (AddParameter): Name = "Номинал"; Value = "100"; VariantName = "[No Variations]"
Add component (AddParameter): Name = "Поставщик"; Value = ""; VariantName = "[No Variations]"
Add component (AddParameter): Name = "Примечания"; Value = ""; VariantName = "[No Variations]"
Add component (AddParameter): Name = "Тип"; Value = "Резистор"; VariantName = "[No Variations]"
Added Component: Designator=R27(RES_0805_(2x1.2x0.45)_0.125Вт)
Add component. Clean all parameters for all variants
Add component (AddParameter): Name = "Идентификатор"; Value = "-"; VariantName = "[No Variations]"
Add component (AddParameter): Name = "Корпус"; Value = "0805"; VariantName = "[No Variations]"
Add component (AddParameter): Name = "Наименование"; Value = ""; VariantName = "[No Variations]"
Add component (AddParameter): Name = "Напряжение"; Value = ""; VariantName = "[No Variations]"
Add component (AddParameter): Name = "Номинал"; Value = "10k"; VariantName = "[No Variations]"
Add component (AddParameter): Name = "Поставщик"; Value = ""; VariantName = "[No Variations]"
Add component (AddParameter): Name = "Примечания"; Value = ""; VariantName = "[No Variations]"
Add component (AddParameter): Name = "Тип"; Value = "Резистор"; VariantName = "[No Variations]"
Added Component: Designator=R28(RES_0805_(2x1.2x0.45)_0.125Вт)
Add component. Clean all parameters for all variants
Add component (AddParameter): Name = "Идентификатор"; Value = "-"; VariantName = "[No Variations]"
Add component (AddParameter): Name = "Корпус"; Value = "0805"; VariantName = "[No Variations]"
Add component (AddParameter): Name = "Наименование"; Value = ""; VariantName = "[No Variations]"
Add component (AddParameter): Name = "Напряжение"; Value = ""; VariantName = "[No Variations]"
Add component (AddParameter): Name = "Номинал"; Value = "10k"; VariantName = "[No Variations]"
Add component (AddParameter): Name = "Поставщик"; Value = ""; VariantName = "[No Variations]"
Add component (AddParameter): Name = "Примечания"; Value = ""; VariantName = "[No Variations]"
Add component (AddParameter): Name = "Тип"; Value = "Резистор"; VariantName = "[No Variations]"
Added Component: Designator=R29(RES_0805_(2x1.2x0.45)_0.125Вт)
Add component. Clean all parameters for all variants
Add component (AddParameter): Name = "Идентификатор"; Value = "-"; VariantName = "[No Variations]"
Add component (AddParameter): Name = "Корпус"; Value = "0805"; VariantName = "[No Variations]"
Add component (AddParameter): Name = "Наименование"; Value = ""; VariantName = "[No Variations]"
Add component (AddParameter): Name = "Напряжение"; Value = ""; VariantName = "[No Variations]"
Add component (AddParameter): Name = "Номинал"; Value = "100"; VariantName = "[No Variations]"
Add component (AddParameter): Name = "Поставщик"; Value = ""; VariantName = "[No Variations]"
Add component (AddParameter): Name = "Примечания"; Value = ""; VariantName = "[No Variations]"
Add component (AddParameter): Name = "Тип"; Value = "Резистор"; VariantName = "[No Variations]"
Added Component: Designator=R30(RES_0805_(2x1.2x0.45)_0.125Вт)
Add component. Clean all parameters for all variants
Add component (AddParameter): Name = "Идентификатор"; Value = "-"; VariantName = "[No Variations]"
Add component (AddParameter): Name = "Корпус"; Value = "0805"; VariantName = "[No Variations]"
Add component (AddParameter): Name = "Наименование"; Value = ""; VariantName = "[No Variations]"
Add component (AddParameter): Name = "Напряжение"; Value = ""; VariantName = "[No Variations]"
Add component (AddParameter): Name = "Номинал"; Value = "0"; VariantName = "[No Variations]"
Add component (AddParameter): Name = "Поставщик"; Value = ""; VariantName = "[No Variations]"
Add component (AddParameter): Name = "Примечания"; Value = ""; VariantName = "[No Variations]"
Add component (AddParameter): Name = "Тип"; Value = "Резистор"; VariantName = "[No Variations]"
Added Component: Designator=R31(RES_0805_(2x1.2x0.45)_0.125Вт)
Add component. Clean all parameters for all variants
Add component (AddParameter): Name = "Идентификатор"; Value = "RC0805JR-073K3L"; VariantName = "[No Variations]"
Add component (AddParameter): Name = "Корпус"; Value = "0805"; VariantName = "[No Variations]"
Add component (AddParameter): Name = "Наименование"; Value = ""; VariantName = "[No Variations]"
Add component (AddParameter): Name = "Напряжение"; Value = ""; VariantName = "[No Variations]"
Add component (AddParameter): Name = "Номинал"; Value = "3.3k"; VariantName = "[No Variations]"
Add component (AddParameter): Name = "Поставщик"; Value = ""; VariantName = "[No Variations]"
Add component (AddParameter): Name = "Примечания"; Value = ""; VariantName = "[No Variations]"
Add component (AddParameter): Name = "Тип"; Value = "Резистор"; VariantName = "[No Variations]"
Added Component: Designator=R32(RES_0805_(2x1.2x0.45)_0.125Вт)
Add component. Clean all parameters for all variants
Add component (AddParameter): Name = "Идентификатор"; Value = ""; VariantName = "[No Variations]"
Add component (AddParameter): Name = "Корпус"; Value = "0805"; VariantName = "[No Variations]"
Add component (AddParameter): Name = "Наименование"; Value = ""; VariantName = "[No Variations]"
Add component (AddParameter): Name = "Напряжение"; Value = ""; VariantName = "[No Variations]"
Add component (AddParameter): Name = "Номинал"; Value = "22k"; VariantName = "[No Variations]"
Add component (AddParameter): Name = "Поставщик"; Value = ""; VariantName = "[No Variations]"
Add component (AddParameter): Name = "Примечания"; Value = ""; VariantName = "[No Variations]"
Add component (AddParameter): Name = "Тип"; Value = "Резистор"; VariantName = "[No Variations]"
Added Component: Designator=R33(RES_0805_(2x1.2x0.45)_0.125Вт)
Add component. Clean all parameters for all variants
Add component (AddParameter): Name = "Идентификатор"; Value = "RC0805JR-071K5L"; VariantName = "[No Variations]"
Add component (AddParameter): Name = "Корпус"; Value = "0805"; VariantName = "[No Variations]"
Add component (AddParameter): Name = "Наименование"; Value = ""; VariantName = "[No Variations]"
Add component (AddParameter): Name = "Напряжение"; Value = ""; VariantName = "[No Variations]"
Add component (AddParameter): Name = "Номинал"; Value = "1.5 k"; VariantName = "[No Variations]"
Add component (AddParameter): Name = "Поставщик"; Value = ""; VariantName = "[No Variations]"
Add component (AddParameter): Name = "Примечания"; Value = ""; VariantName = "[No Variations]"
Add component (AddParameter): Name = "Тип"; Value = "Резистор"; VariantName = "[No Variations]"
Added Component: Designator=R34(RES_0805_(2x1.2x0.45)_0.125Вт)
Add component. Clean all parameters for all variants
Add component (AddParameter): Name = "Идентификатор"; Value = "RC0805JR-073K3L"; VariantName = "[No Variations]"
Add component (AddParameter): Name = "Корпус"; Value = "0805"; VariantName = "[No Variations]"
Add component (AddParameter): Name = "Наименование"; Value = ""; VariantName = "[No Variations]"
Add component (AddParameter): Name = "Напряжение"; Value = ""; VariantName = "[No Variations]"
Add component (AddParameter): Name = "Номинал"; Value = "3.3k"; VariantName = "[No Variations]"
Add component (AddParameter): Name = "Поставщик"; Value = ""; VariantName = "[No Variations]"
Add component (AddParameter): Name = "Примечания"; Value = ""; VariantName = "[No Variations]"
Add component (AddParameter): Name = "Тип"; Value = "Резистор"; VariantName = "[No Variations]"
Added Component: Designator=R35(RES_0805_(2x1.2x0.45)_0.125Вт)
Add component. Clean all parameters for all variants
Add component (AddParameter): Name = "Идентификатор"; Value = "RC0805JR-0710KL"; VariantName = "[No Variations]"
Add component (AddParameter): Name = "Корпус"; Value = "0805"; VariantName = "[No Variations]"
Add component (AddParameter): Name = "Наименование"; Value = ""; VariantName = "[No Variations]"
Add component (AddParameter): Name = "Напряжение"; Value = ""; VariantName = "[No Variations]"
Add component (AddParameter): Name = "Номинал"; Value = "10 k"; VariantName = "[No Variations]"
Add component (AddParameter): Name = "Поставщик"; Value = ""; VariantName = "[No Variations]"
Add component (AddParameter): Name = "Примечания"; Value = ""; VariantName = "[No Variations]"
Add component (AddParameter): Name = "Тип"; Value = "Резистор"; VariantName = "[No Variations]"
Added Component: Designator=R36(RES_1210_(3.2x2.5x0.55)_0.5Вт)
Add component. Clean all parameters for all variants
Add component (AddParameter): Name = "Идентификатор"; Value = ""; VariantName = "[No Variations]"
Add component (AddParameter): Name = "Корпус"; Value = "1210"; VariantName = "[No Variations]"
Add component (AddParameter): Name = "Наименование"; Value = ""; VariantName = "[No Variations]"
Add component (AddParameter): Name = "Напряжение"; Value = ""; VariantName = "[No Variations]"
Add component (AddParameter): Name = "Номинал"; Value = "2,7"; VariantName = "[No Variations]"
Add component (AddParameter): Name = "Поставщик"; Value = ""; VariantName = "[No Variations]"
Add component (AddParameter): Name = "Примечания"; Value = ""; VariantName = "[No Variations]"
Add component (AddParameter): Name = "Тип"; Value = "Резистор"; VariantName = "[No Variations]"
Added Component: Designator=R37(RES_1210_(3.2x2.5x0.55)_0.5Вт)
Add component. Clean all parameters for all variants
Add component (AddParameter): Name = "Идентификатор"; Value = ""; VariantName = "[No Variations]"
Add component (AddParameter): Name = "Корпус"; Value = "1210"; VariantName = "[No Variations]"
Add component (AddParameter): Name = "Наименование"; Value = ""; VariantName = "[No Variations]"
Add component (AddParameter): Name = "Напряжение"; Value = ""; VariantName = "[No Variations]"
Add component (AddParameter): Name = "Номинал"; Value = "2,7"; VariantName = "[No Variations]"
Add component (AddParameter): Name = "Поставщик"; Value = ""; VariantName = "[No Variations]"
Add component (AddParameter): Name = "Примечания"; Value = ""; VariantName = "[No Variations]"
Add component (AddParameter): Name = "Тип"; Value = "Резистор"; VariantName = "[No Variations]"
Added Component: Designator=R38(RES_2512_(6.3x3.1x0.6)_2Вт)
Add component. Clean all parameters for all variants
Add component (AddParameter): Name = "Идентификатор"; Value = ""; VariantName = "[No Variations]"
Add component (AddParameter): Name = "Корпус"; Value = "2512"; VariantName = "[No Variations]"
Add component (AddParameter): Name = "Наименование"; Value = ""; VariantName = "[No Variations]"
Add component (AddParameter): Name = "Напряжение"; Value = ""; VariantName = "[No Variations]"
Add component (AddParameter): Name = "Номинал"; Value = "120"; VariantName = "[No Variations]"
Add component (AddParameter): Name = "Поставщик"; Value = ""; VariantName = "[No Variations]"
Add component (AddParameter): Name = "Примечания"; Value = ""; VariantName = "[No Variations]"
Add component (AddParameter): Name = "Тип"; Value = "Резистор"; VariantName = "[No Variations]"
Added Component: Designator=R39(RES_0805_(2x1.2x0.45)_0.125Вт)
Add component. Clean all parameters for all variants
Add component (AddParameter): Name = "Идентификатор"; Value = "-"; VariantName = "[No Variations]"
Add component (AddParameter): Name = "Корпус"; Value = "0805"; VariantName = "[No Variations]"
Add component (AddParameter): Name = "Наименование"; Value = ""; VariantName = "[No Variations]"
Add component (AddParameter): Name = "Напряжение"; Value = ""; VariantName = "[No Variations]"
Add component (AddParameter): Name = "Номинал"; Value = "22"; VariantName = "[No Variations]"
Add component (AddParameter): Name = "Поставщик"; Value = ""; VariantName = "[No Variations]"
Add component (AddParameter): Name = "Примечания"; Value = ""; VariantName = "[No Variations]"
Add component (AddParameter): Name = "Тип"; Value = "Резистор"; VariantName = "[No Variations]"
Added Component: Designator=R40(RES_0805_(2x1.2x0.45)_0.125Вт)
Add component. Clean all parameters for all variants
Add component (AddParameter): Name = "Идентификатор"; Value = "-"; VariantName = "[No Variations]"
Add component (AddParameter): Name = "Корпус"; Value = "0805"; VariantName = "[No Variations]"
Add component (AddParameter): Name = "Наименование"; Value = ""; VariantName = "[No Variations]"
Add component (AddParameter): Name = "Напряжение"; Value = ""; VariantName = "[No Variations]"
Add component (AddParameter): Name = "Номинал"; Value = "22"; VariantName = "[No Variations]"
Add component (AddParameter): Name = "Поставщик"; Value = ""; VariantName = "[No Variations]"
Add component (AddParameter): Name = "Примечания"; Value = ""; VariantName = "[No Variations]"
Add component (AddParameter): Name = "Тип"; Value = "Резистор"; VariantName = "[No Variations]"
Added Component: Designator=R41(RES_0805_(2x1.2x0.45)_0.125Вт)
Add component. Clean all parameters for all variants
Add component (AddParameter): Name = "Идентификатор"; Value = "-"; VariantName = "[No Variations]"
Add component (AddParameter): Name = "Корпус"; Value = "0805"; VariantName = "[No Variations]"
Add component (AddParameter): Name = "Наименование"; Value = ""; VariantName = "[No Variations]"
Add component (AddParameter): Name = "Напряжение"; Value = ""; VariantName = "[No Variations]"
Add component (AddParameter): Name = "Номинал"; Value = "22"; VariantName = "[No Variations]"
Add component (AddParameter): Name = "Поставщик"; Value = ""; VariantName = "[No Variations]"
Add component (AddParameter): Name = "Примечания"; Value = ""; VariantName = "[No Variations]"
Add component (AddParameter): Name = "Тип"; Value = "Резистор"; VariantName = "[No Variations]"
Added Component: Designator=R42(RES_0805_(2x1.2x0.45)_0.125Вт)
Add component. Clean all parameters for all variants
Add component (AddParameter): Name = "Идентификатор"; Value = "-"; VariantName = "[No Variations]"
Add component (AddParameter): Name = "Корпус"; Value = "0805"; VariantName = "[No Variations]"
Add component (AddParameter): Name = "Наименование"; Value = ""; VariantName = "[No Variations]"
Add component (AddParameter): Name = "Напряжение"; Value = ""; VariantName = "[No Variations]"
Add component (AddParameter): Name = "Номинал"; Value = "22"; VariantName = "[No Variations]"
Add component (AddParameter): Name = "Поставщик"; Value = ""; VariantName = "[No Variations]"
Add component (AddParameter): Name = "Примечания"; Value = ""; VariantName = "[No Variations]"
Add component (AddParameter): Name = "Тип"; Value = "Резистор"; VariantName = "[No Variations]"
Added Component: Designator=R43(RES_0805_(2x1.2x0.45)_0.125Вт)
Add component. Clean all parameters for all variants
Add component (AddParameter): Name = "Идентификатор"; Value = "RC0805JR-0710KL"; VariantName = "[No Variations]"
Add component (AddParameter): Name = "Корпус"; Value = "0805"; VariantName = "[No Variations]"
Add component (AddParameter): Name = "Наименование"; Value = ""; VariantName = "[No Variations]"
Add component (AddParameter): Name = "Напряжение"; Value = ""; VariantName = "[No Variations]"
Add component (AddParameter): Name = "Номинал"; Value = "10 k"; VariantName = "[No Variations]"
Add component (AddParameter): Name = "Поставщик"; Value = ""; VariantName = "[No Variations]"
Add component (AddParameter): Name = "Примечания"; Value = ""; VariantName = "[No Variations]"
Add component (AddParameter): Name = "Тип"; Value = "Резистор"; VariantName = "[No Variations]"
Added Component: Designator=SB3(SB_6x6_SMD)
Add component. Clean all parameters for all variants
Add component (AddParameter): Name = "Идентификатор"; Value = "KLS7-TS6604-4.3-180"; VariantName = "[No Variations]"
Add component (AddParameter): Name = "Корпус"; Value = "SMD 6x6"; VariantName = "[No Variations]"
Add component (AddParameter): Name = "Наименование"; Value = ""; VariantName = "[No Variations]"
Add component (AddParameter): Name = "Напряжение"; Value = ""; VariantName = "[No Variations]"
Add component (AddParameter): Name = "Номинал"; Value = ""; VariantName = "[No Variations]"
Add component (AddParameter): Name = "Поставщик"; Value = ""; VariantName = "[No Variations]"
Add component (AddParameter): Name = "Примечания"; Value = ""; VariantName = "[No Variations]"
Add component (AddParameter): Name = "Тип"; Value = "Кнопка"; VariantName = "[No Variations]"
Added Component: Designator=SW1(L_KLS7_4pin)
Add component. Clean all parameters for all variants
Add component (AddParameter): Name = "Идентификатор"; Value = "DS1040-04RT"; VariantName = "[No Variations]"
Add component (AddParameter): Name = "Корпус"; Value = ""; VariantName = "[No Variations]"
Add component (AddParameter): Name = "Наименование"; Value = ""; VariantName = "[No Variations]"
Add component (AddParameter): Name = "Напряжение"; Value = ""; VariantName = "[No Variations]"
Add component (AddParameter): Name = "Номинал"; Value = ""; VariantName = "[No Variations]"
Add component (AddParameter): Name = "Поставщик"; Value = ""; VariantName = "[No Variations]"
Add component (AddParameter): Name = "Примечания"; Value = ""; VariantName = "[No Variations]"
Add component (AddParameter): Name = "Тип"; Value = ""; VariantName = "[No Variations]"
Added Component: Designator=VD12(led_0805)
Add component. Clean all parameters for all variants
Add component (AddParameter): Name = "Идентификатор"; Value = "BL-LS0805PGC"; VariantName = "[No Variations]"
Add component (AddParameter): Name = "Корпус"; Value = "0805"; VariantName = "[No Variations]"
Add component (AddParameter): Name = "Наименование"; Value = ""; VariantName = "[No Variations]"
Add component (AddParameter): Name = "Напряжение"; Value = ""; VariantName = "[No Variations]"
Add component (AddParameter): Name = "Номинал"; Value = ""; VariantName = "[No Variations]"
Add component (AddParameter): Name = "Поставщик"; Value = ""; VariantName = "[No Variations]"
Add component (AddParameter): Name = "Примечания"; Value = "Зеленый"; VariantName = "[No Variations]"
Add component (AddParameter): Name = "Тип"; Value = "Светодиод (Зеленый)"; VariantName = "[No Variations]"
Added Component: Designator=VD13(led_0805)
Add component. Clean all parameters for all variants
Add component (AddParameter): Name = "Идентификатор"; Value = "BL-LS0805PGC"; VariantName = "[No Variations]"
Add component (AddParameter): Name = "Корпус"; Value = "0805"; VariantName = "[No Variations]"
Add component (AddParameter): Name = "Наименование"; Value = ""; VariantName = "[No Variations]"
Add component (AddParameter): Name = "Напряжение"; Value = ""; VariantName = "[No Variations]"
Add component (AddParameter): Name = "Номинал"; Value = ""; VariantName = "[No Variations]"
Add component (AddParameter): Name = "Поставщик"; Value = ""; VariantName = "[No Variations]"
Add component (AddParameter): Name = "Примечания"; Value = "Зеленый"; VariantName = "[No Variations]"
Add component (AddParameter): Name = "Тип"; Value = "Светодиод (Зеленый)"; VariantName = "[No Variations]"
Added Component: Designator=VD14(led_0805)
Add component. Clean all parameters for all variants
Add component (AddParameter): Name = "Идентификатор"; Value = "BL-LS0805UHR"; VariantName = "[No Variations]"
Add component (AddParameter): Name = "Корпус"; Value = "0805"; VariantName = "[No Variations]"
Add component (AddParameter): Name = "Наименование"; Value = ""; VariantName = "[No Variations]"
Add component (AddParameter): Name = "Напряжение"; Value = ""; VariantName = "[No Variations]"
Add component (AddParameter): Name = "Номинал"; Value = ""; VariantName = "[No Variations]"
Add component (AddParameter): Name = "Поставщик"; Value = ""; VariantName = "[No Variations]"
Add component (AddParameter): Name = "Примечания"; Value = "Красный"; VariantName = "[No Variations]"
Add component (AddParameter): Name = "Тип"; Value = "Светодиод (Красный)"; VariantName = "[No Variations]"
Added Component: Designator=VD15(VD_SMA_(Do-214AC))
Add component. Clean all parameters for all variants
Add component (AddParameter): Name = "Идентификатор"; Value = "1N4148"; VariantName = "[No Variations]"
Add component (AddParameter): Name = "Корпус"; Value = ""; VariantName = "[No Variations]"
Add component (AddParameter): Name = "Наименование"; Value = ""; VariantName = "[No Variations]"
Add component (AddParameter): Name = "Напряжение"; Value = ""; VariantName = "[No Variations]"
Add component (AddParameter): Name = "Номинал"; Value = ""; VariantName = "[No Variations]"
Add component (AddParameter): Name = "Поставщик"; Value = ""; VariantName = "[No Variations]"
Add component (AddParameter): Name = "Примечания"; Value = ""; VariantName = "[No Variations]"
Add component (AddParameter): Name = "Тип"; Value = ""; VariantName = "[No Variations]"
Added Component: Designator=VD16(VD_SOD523)
Add component. Clean all parameters for all variants
Add component (AddParameter): Name = "Идентификатор"; Value = "ESD5Z3.3T1G"; VariantName = "[No Variations]"
Add component (AddParameter): Name = "Корпус"; Value = "SOD523"; VariantName = "[No Variations]"
Add component (AddParameter): Name = "Наименование"; Value = ""; VariantName = "[No Variations]"
Add component (AddParameter): Name = "Напряжение"; Value = "3.3 В"; VariantName = "[No Variations]"
Add component (AddParameter): Name = "Номинал"; Value = ""; VariantName = "[No Variations]"
Add component (AddParameter): Name = "Поставщик"; Value = ""; VariantName = "[No Variations]"
Add component (AddParameter): Name = "Примечания"; Value = ""; VariantName = "[No Variations]"
Add component (AddParameter): Name = "Тип"; Value = "Защитный диод"; VariantName = "[No Variations]"
Added Component: Designator=VD17(led_0805)
Add component. Clean all parameters for all variants
Add component (AddParameter): Name = "Идентификатор"; Value = "BL-LS0805UHR"; VariantName = "[No Variations]"
Add component (AddParameter): Name = "Корпус"; Value = "0805"; VariantName = "[No Variations]"
Add component (AddParameter): Name = "Наименование"; Value = ""; VariantName = "[No Variations]"
Add component (AddParameter): Name = "Напряжение"; Value = ""; VariantName = "[No Variations]"
Add component (AddParameter): Name = "Номинал"; Value = ""; VariantName = "[No Variations]"
Add component (AddParameter): Name = "Поставщик"; Value = ""; VariantName = "[No Variations]"
Add component (AddParameter): Name = "Примечания"; Value = "Красный"; VariantName = "[No Variations]"
Add component (AddParameter): Name = "Тип"; Value = "Светодиод (Красный)"; VariantName = "[No Variations]"
Added Component: Designator=VD18(led_0805)
Add component. Clean all parameters for all variants
Add component (AddParameter): Name = "Идентификатор"; Value = "BL-LS0805UHR"; VariantName = "[No Variations]"
Add component (AddParameter): Name = "Корпус"; Value = "0805"; VariantName = "[No Variations]"
Add component (AddParameter): Name = "Наименование"; Value = ""; VariantName = "[No Variations]"
Add component (AddParameter): Name = "Напряжение"; Value = ""; VariantName = "[No Variations]"
Add component (AddParameter): Name = "Номинал"; Value = ""; VariantName = "[No Variations]"
Add component (AddParameter): Name = "Поставщик"; Value = ""; VariantName = "[No Variations]"
Add component (AddParameter): Name = "Примечания"; Value = "Красный"; VariantName = "[No Variations]"
Add component (AddParameter): Name = "Тип"; Value = "Светодиод (Красный)"; VariantName = "[No Variations]"
Added Component: Designator=VD19(SOT-323-3L)
Add component. Clean all parameters for all variants
Add component (AddParameter): Name = "Идентификатор"; Value = ""; VariantName = "[No Variations]"
Add component (AddParameter): Name = "Корпус"; Value = "SOT323"; VariantName = "[No Variations]"
Add component (AddParameter): Name = "Наименование"; Value = ""; VariantName = "[No Variations]"
Add component (AddParameter): Name = "Напряжение"; Value = ""; VariantName = "[No Variations]"
Add component (AddParameter): Name = "Номинал"; Value = ""; VariantName = "[No Variations]"
Add component (AddParameter): Name = "Поставщик"; Value = ""; VariantName = "[No Variations]"
Add component (AddParameter): Name = "Примечания"; Value = ""; VariantName = "[No Variations]"
Add component (AddParameter): Name = "Тип"; Value = "ESDA25W"; VariantName = "[No Variations]"
Added Component: Designator=VD20(VD_SOD523)
Add component. Clean all parameters for all variants
Add component (AddParameter): Name = "Идентификатор"; Value = "ESD5Z3.3T1G"; VariantName = "[No Variations]"
Add component (AddParameter): Name = "Корпус"; Value = "SOD523"; VariantName = "[No Variations]"
Add component (AddParameter): Name = "Наименование"; Value = ""; VariantName = "[No Variations]"
Add component (AddParameter): Name = "Напряжение"; Value = "3.3 В"; VariantName = "[No Variations]"
Add component (AddParameter): Name = "Номинал"; Value = ""; VariantName = "[No Variations]"
Add component (AddParameter): Name = "Поставщик"; Value = ""; VariantName = "[No Variations]"
Add component (AddParameter): Name = "Примечания"; Value = ""; VariantName = "[No Variations]"
Add component (AddParameter): Name = "Тип"; Value = "Защитный диод"; VariantName = "[No Variations]"
Added Component: Designator=VD21(VD_SMB_(Do-214AA))
Add component. Clean all parameters for all variants
Add component (AddParameter): Name = "Идентификатор"; Value = "SMBJ5.0A"; VariantName = "[No Variations]"
Add component (AddParameter): Name = "Корпус"; Value = "SMB"; VariantName = "[No Variations]"
Add component (AddParameter): Name = "Наименование"; Value = ""; VariantName = "[No Variations]"
Add component (AddParameter): Name = "Напряжение"; Value = "5 В"; VariantName = "[No Variations]"
Add component (AddParameter): Name = "Номинал"; Value = ""; VariantName = "[No Variations]"
Add component (AddParameter): Name = "Поставщик"; Value = ""; VariantName = "[No Variations]"
Add component (AddParameter): Name = "Примечания"; Value = ""; VariantName = "[No Variations]"
Add component (AddParameter): Name = "Тип"; Value = "Защитный диод"; VariantName = "[No Variations]"
Added Component: Designator=VD22(VD_SMB_(Do-214AA))
Add component. Clean all parameters for all variants
Add component (AddParameter): Name = "Идентификатор"; Value = "SMBJ5.0A"; VariantName = "[No Variations]"
Add component (AddParameter): Name = "Корпус"; Value = "SMB"; VariantName = "[No Variations]"
Add component (AddParameter): Name = "Наименование"; Value = ""; VariantName = "[No Variations]"
Add component (AddParameter): Name = "Напряжение"; Value = "5 В"; VariantName = "[No Variations]"
Add component (AddParameter): Name = "Номинал"; Value = ""; VariantName = "[No Variations]"
Add component (AddParameter): Name = "Поставщик"; Value = ""; VariantName = "[No Variations]"
Add component (AddParameter): Name = "Примечания"; Value = ""; VariantName = "[No Variations]"
Add component (AddParameter): Name = "Тип"; Value = "Защитный диод"; VariantName = "[No Variations]"
Added Component: Designator=VT1(SOT-23)
Add component. Clean all parameters for all variants
Add component (AddParameter): Name = "Идентификатор"; Value = ""; VariantName = "[No Variations]"
Add component (AddParameter): Name = "Корпус"; Value = ""; VariantName = "[No Variations]"
Add component (AddParameter): Name = "Наименование"; Value = ""; VariantName = "[No Variations]"
Add component (AddParameter): Name = "Напряжение"; Value = ""; VariantName = "[No Variations]"
Add component (AddParameter): Name = "Номинал"; Value = ""; VariantName = "[No Variations]"
Add component (AddParameter): Name = "Поставщик"; Value = ""; VariantName = "[No Variations]"
Add component (AddParameter): Name = "Примечания"; Value = ""; VariantName = "[No Variations]"
Add component (AddParameter): Name = "Тип"; Value = ""; VariantName = "[No Variations]"
Added Component: Designator=XP3(XP_5x2_PIN_H)
Add component. Clean all parameters for all variants
Add component (AddParameter): Name = "Идентификатор"; Value = ""; VariantName = "[No Variations]"
Add component (AddParameter): Name = "Корпус"; Value = ""; VariantName = "[No Variations]"
Add component (AddParameter): Name = "Наименование"; Value = ""; VariantName = "[No Variations]"
Add component (AddParameter): Name = "Напряжение"; Value = ""; VariantName = "[No Variations]"
Add component (AddParameter): Name = "Номинал"; Value = ""; VariantName = "[No Variations]"
Add component (AddParameter): Name = "Поставщик"; Value = ""; VariantName = "[No Variations]"
Add component (AddParameter): Name = "Примечания"; Value = ""; VariantName = "[No Variations]"
Add component (AddParameter): Name = "Тип"; Value = ""; VariantName = "[No Variations]"
Added Component: Designator=XP4(XP_6_Pin)
Add component. Clean all parameters for all variants
Add component (AddParameter): Name = "Идентификатор"; Value = "PLS-6"; VariantName = "[No Variations]"
Add component (AddParameter): Name = "Корпус"; Value = ""; VariantName = "[No Variations]"
Add component (AddParameter): Name = "Наименование"; Value = ""; VariantName = "[No Variations]"
Add component (AddParameter): Name = "Напряжение"; Value = ""; VariantName = "[No Variations]"
Add component (AddParameter): Name = "Номинал"; Value = ""; VariantName = "[No Variations]"
Add component (AddParameter): Name = "Поставщик"; Value = ""; VariantName = "[No Variations]"
Add component (AddParameter): Name = "Примечания"; Value = ""; VariantName = "[No Variations]"
Add component (AddParameter): Name = "Тип"; Value = "Вилка штырьевая (2.54)"; VariantName = "[No Variations]"
Added Component: Designator=XS1(XS_USBB)
Add component. Clean all parameters for all variants
Add component (AddParameter): Name = "Идентификатор"; Value = ""; VariantName = "[No Variations]"
Add component (AddParameter): Name = "Корпус"; Value = ""; VariantName = "[No Variations]"
Add component (AddParameter): Name = "Наименование"; Value = ""; VariantName = "[No Variations]"
Add component (AddParameter): Name = "Напряжение"; Value = ""; VariantName = "[No Variations]"
Add component (AddParameter): Name = "Номинал"; Value = ""; VariantName = "[No Variations]"
Add component (AddParameter): Name = "Поставщик"; Value = ""; VariantName = "[No Variations]"
Add component (AddParameter): Name = "Примечания"; Value = ""; VariantName = "[No Variations]"
Add component (AddParameter): Name = "Тип"; Value = ""; VariantName = "[No Variations]"
Added Component: Designator=XS?(XS_KLS-2.54-03P)
Add component. Clean all parameters for all variants
Add component (AddParameter): Name = "Идентификатор"; Value = "DG308-2.54-03P"; VariantName = "[No Variations]"
Add component (AddParameter): Name = "Корпус"; Value = ""; VariantName = "[No Variations]"
Add component (AddParameter): Name = "Наименование"; Value = ""; VariantName = "[No Variations]"
Add component (AddParameter): Name = "Напряжение"; Value = ""; VariantName = "[No Variations]"
Add component (AddParameter): Name = "Номинал"; Value = ""; VariantName = "[No Variations]"
Add component (AddParameter): Name = "Поставщик"; Value = ""; VariantName = "[No Variations]"
Add component (AddParameter): Name = "Примечания"; Value = ""; VariantName = "[No Variations]"
Add component (AddParameter): Name = "Тип"; Value = ""; VariantName = "[No Variations]"
Added Pin To Net: NetName=+3V Pin=C35-2
Added Pin To Net: NetName=+3V Pin=C36-2
Added Pin To Net: NetName=+3V Pin=C38-2
Added Pin To Net: NetName=+3V Pin=C40-2
Added Pin To Net: NetName=+3V Pin=C41-2
Added Pin To Net: NetName=+3V Pin=C42-1
Added Pin To Net: NetName=+3V Pin=C44-1
Added Pin To Net: NetName=+3V Pin=C46-1
Added Pin To Net: NetName=+3V Pin=C47-1
Added Pin To Net: NetName=+3V Pin=C48-1
Added Pin To Net: NetName=+3V Pin=C49-1
Added Pin To Net: NetName=+3V Pin=C57-2
Added Pin To Net: NetName=+3V Pin=C59-1
Added Pin To Net: NetName=+3V Pin=DD2-1
Added Pin To Net: NetName=+3V Pin=DD2-9
Added Pin To Net: NetName=+3V Pin=DD2-24
Added Pin To Net: NetName=+3V Pin=DD2-36
Added Pin To Net: NetName=+3V Pin=DD2-48
Added Pin To Net: NetName=+3V Pin=DD3-1
Added Pin To Net: NetName=+3V Pin=DD6-5
Added Pin To Net: NetName=+3V Pin=R16-2
Added Pin To Net: NetName=+3V Pin=R30-1
Added Pin To Net: NetName=+3V Pin=R35-1
Added Pin To Net: NetName=+3V Pin=SW1-3
Added Pin To Net: NetName=+3V Pin=VD17-1
Added Pin To Net: NetName=+3V Pin=VD20-2
Added Pin To Net: NetName=+3V Pin=VD22-2
Added Pin To Net: NetName=+3V Pin=VT1-3
Added Pin To Net: NetName=+3V Pin=XP4-1
Added Net: Name=+3V
Added Pin To Net: NetName=+5 Pin=C51-2
Added Pin To Net: NetName=+5 Pin=C52-2
Added Pin To Net: NetName=+5 Pin=C55-2
Added Pin To Net: NetName=+5 Pin=DA4-5
Added Pin To Net: NetName=+5 Pin=DD6-1
Added Pin To Net: NetName=+5 Pin=DD6-3
Added Pin To Net: NetName=+5 Pin=L5-1
Added Pin To Net: NetName=+5 Pin=R24-2
Added Pin To Net: NetName=+5 Pin=SW1-4
Added Pin To Net: NetName=+5 Pin=VD14-1
Added Pin To Net: NetName=+5 Pin=XS1-1
Added Net: Name=+5
Added Pin To Net: NetName=+5V Pin=C37-2
Added Pin To Net: NetName=+5V Pin=C45-2
Added Pin To Net: NetName=+5V Pin=C50-2
Added Pin To Net: NetName=+5V Pin=C58-1
Added Pin To Net: NetName=+5V Pin=DD3-8
Added Pin To Net: NetName=+5V Pin=DD4-5
Added Pin To Net: NetName=+5V Pin=DD5-8
Added Pin To Net: NetName=+5V Pin=G2-4
Added Pin To Net: NetName=+5V Pin=VD18-1
Added Pin To Net: NetName=+5V Pin=VD21-2
Added Net: Name=+5V
Added Pin To Net: NetName=AIN Pin=DD2-10
Added Pin To Net: NetName=AIN Pin=R16-1
Added Pin To Net: NetName=AIN Pin=R17-2
Added Pin To Net: NetName=AIN Pin=R40-2
Added Pin To Net: NetName=AIN Pin=SW1-6
Added Net: Name=AIN
Added Pin To Net: NetName=GND1 Pin=C33-1
Added Pin To Net: NetName=GND1 Pin=C34-1
Added Pin To Net: NetName=GND1 Pin=C35-1
Added Pin To Net: NetName=GND1 Pin=C36-1
Added Pin To Net: NetName=GND1 Pin=C38-1
Added Pin To Net: NetName=GND1 Pin=C40-1
Added Pin To Net: NetName=GND1 Pin=C41-1
Added Pin To Net: NetName=GND1 Pin=C42-2
Added Pin To Net: NetName=GND1 Pin=C43-1
Added Pin To Net: NetName=GND1 Pin=C44-2
Added Pin To Net: NetName=GND1 Pin=C46-2
Added Pin To Net: NetName=GND1 Pin=C47-2
Added Pin To Net: NetName=GND1 Pin=C48-2
Added Pin To Net: NetName=GND1 Pin=C49-2
Added Pin To Net: NetName=GND1 Pin=C51-1
Added Pin To Net: NetName=GND1 Pin=C52-1
Added Pin To Net: NetName=GND1 Pin=C53-2
Added Pin To Net: NetName=GND1 Pin=C54-2
Added Pin To Net: NetName=GND1 Pin=C55-1
Added Pin To Net: NetName=GND1 Pin=C56-1
Added Pin To Net: NetName=GND1 Pin=C57-1
Added Pin To Net: NetName=GND1 Pin=C59-2
Added Pin To Net: NetName=GND1 Pin=DA4-2
Added Pin To Net: NetName=GND1 Pin=DD2-8
Added Pin To Net: NetName=GND1 Pin=DD2-20
Added Pin To Net: NetName=GND1 Pin=DD2-23
Added Pin To Net: NetName=GND1 Pin=DD2-35
Added Pin To Net: NetName=GND1 Pin=DD2-47
Added Pin To Net: NetName=GND1 Pin=DD3-4
Added Pin To Net: NetName=GND1 Pin=DD6-2
Added Pin To Net: NetName=GND1 Pin=G2-1
Added Pin To Net: NetName=GND1 Pin=R17-1
Added Pin To Net: NetName=GND1 Pin=R19-1
Added Pin To Net: NetName=GND1 Pin=R21-1
Added Pin To Net: NetName=GND1 Pin=R23-2
Added Pin To Net: NetName=GND1 Pin=R25-1
Added Pin To Net: NetName=GND1 Pin=R27-2
Added Pin To Net: NetName=GND1 Pin=R28-2
Added Pin To Net: NetName=GND1 Pin=R31-1
Added Pin To Net: NetName=GND1 Pin=R33-1
Added Pin To Net: NetName=GND1 Pin=R43-2
Added Pin To Net: NetName=GND1 Pin=SB3-1
Added Pin To Net: NetName=GND1 Pin=SB3-1
Added Pin To Net: NetName=GND1 Pin=VD16-1
Added Pin To Net: NetName=GND1 Pin=VD20-1
Added Pin To Net: NetName=GND1 Pin=VD22-1
Added Pin To Net: NetName=GND1 Pin=XP3-3
Added Pin To Net: NetName=GND1 Pin=XP3-4
Added Pin To Net: NetName=GND1 Pin=XP4-3
Added Pin To Net: NetName=GND1 Pin=XS1-4
Added Pin To Net: NetName=GND1 Pin=XS1-5
Added Pin To Net: NetName=GND1 Pin=XS1-6
Added Net: Name=GND1
Added Pin To Net: NetName=GND2 Pin=C37-1
Added Pin To Net: NetName=GND2 Pin=C39-1
Added Pin To Net: NetName=GND2 Pin=C45-1
Added Pin To Net: NetName=GND2 Pin=C50-1
Added Pin To Net: NetName=GND2 Pin=C58-2
Added Pin To Net: NetName=GND2 Pin=DD3-5
Added Pin To Net: NetName=GND2 Pin=DD4-3
Added Pin To Net: NetName=GND2 Pin=DD5-5
Added Pin To Net: NetName=GND2 Pin=G2-3
Added Pin To Net: NetName=GND2 Pin=R34-1
Added Pin To Net: NetName=GND2 Pin=VD21-1
Added Pin To Net: NetName=GND2 Pin=XS?-3
Added Net: Name=GND2
Added Pin To Net: NetName=NetBQ2_1 Pin=BQ2-1
Added Pin To Net: NetName=NetBQ2_1 Pin=C34-2
Added Pin To Net: NetName=NetBQ2_1 Pin=DD2-5
Added Net: Name=NetBQ2_1
Added Pin To Net: NetName=NetBQ2_2 Pin=BQ2-2
Added Pin To Net: NetName=NetBQ2_2 Pin=C33-2
Added Pin To Net: NetName=NetBQ2_2 Pin=DD2-6
Added Net: Name=NetBQ2_2
Added Pin To Net: NetName=NetC39_2 Pin=C39-2
Added Pin To Net: NetName=NetC39_2 Pin=DD4-2
Added Pin To Net: NetName=NetC39_2 Pin=R32-2
Added Pin To Net: NetName=NetC39_2 Pin=VD15-1
Added Net: Name=NetC39_2
Added Pin To Net: NetName=NetC53_1 Pin=C53-1
Added Pin To Net: NetName=NetC53_1 Pin=C54-1
Added Pin To Net: NetName=NetC53_1 Pin=G2-2
Added Pin To Net: NetName=NetC53_1 Pin=L5-2
Added Net: Name=NetC53_1
Added Pin To Net: NetName=NetC56_2 Pin=C56-2
Added Pin To Net: NetName=NetC56_2 Pin=DD6-4
Added Net: Name=NetC56_2
Added Pin To Net: NetName=NetDA4_1 Pin=DA4-1
Added Pin To Net: NetName=NetDA4_1 Pin=R18-1
Added Net: Name=NetDA4_1
Added Pin To Net: NetName=NetDA4_3 Pin=DA4-3
Added Pin To Net: NetName=NetDA4_3 Pin=R20-1
Added Net: Name=NetDA4_3
Added Pin To Net: NetName=NetDD2_2 Pin=DD2-2
Added Pin To Net: NetName=NetDD2_2 Pin=R28-1
Added Net: Name=NetDD2_2
Added Pin To Net: NetName=NetDD2_3 Pin=DD2-3
Added Pin To Net: NetName=NetDD2_3 Pin=R27-1
Added Net: Name=NetDD2_3
Added Pin To Net: NetName=NetDD2_25 Pin=DD2-25
Added Pin To Net: NetName=NetDD2_25 Pin=R29-1
Added Net: Name=NetDD2_25
Added Pin To Net: NetName=NetDD2_39 Pin=DD2-39
Added Pin To Net: NetName=NetDD2_39 Pin=R30-2
Added Net: Name=NetDD2_39
Added Pin To Net: NetName=NetDD2_44 Pin=DD2-44
Added Pin To Net: NetName=NetDD2_44 Pin=R23-1
Added Net: Name=NetDD2_44
Added Pin To Net: NetName=NetDD3_6 Pin=DD3-6
Added Pin To Net: NetName=NetDD3_6 Pin=DD5-4
Added Pin To Net: NetName=NetDD3_6 Pin=R32-1
Added Pin To Net: NetName=NetDD3_6 Pin=VD15-2
Added Net: Name=NetDD3_6
Added Pin To Net: NetName=NetDD3_7 Pin=DD3-7
Added Pin To Net: NetName=NetDD3_7 Pin=DD5-1
Added Net: Name=NetDD3_7
Added Pin To Net: NetName=NetDD4_4 Pin=DD4-4
Added Pin To Net: NetName=NetDD4_4 Pin=DD5-2
Added Pin To Net: NetName=NetDD4_4 Pin=DD5-3
Added Net: Name=NetDD4_4
Added Pin To Net: NetName=NetDD5_6 Pin=DD5-6
Added Pin To Net: NetName=NetDD5_6 Pin=R37-1
Added Net: Name=NetDD5_6
Added Pin To Net: NetName=NetDD5_7 Pin=DD5-7
Added Pin To Net: NetName=NetDD5_7 Pin=R36-1
Added Net: Name=NetDD5_7
Added Pin To Net: NetName=NetR18_2 Pin=R18-2
Added Pin To Net: NetName=NetR18_2 Pin=XS1-2
Added Net: Name=NetR18_2
Added Pin To Net: NetName=NetR19_2 Pin=R19-2
Added Pin To Net: NetName=NetR19_2 Pin=VD12-2
Added Net: Name=NetR19_2
Added Pin To Net: NetName=NetR20_2 Pin=R20-2
Added Pin To Net: NetName=NetR20_2 Pin=R22-2
Added Pin To Net: NetName=NetR20_2 Pin=XS1-3
Added Net: Name=NetR20_2
Added Pin To Net: NetName=NetR21_2 Pin=R21-2
Added Pin To Net: NetName=NetR21_2 Pin=VD13-2
Added Net: Name=NetR21_2
Added Pin To Net: NetName=NetR22_1 Pin=R22-1
Added Pin To Net: NetName=NetR22_1 Pin=VT1-2
Added Net: Name=NetR22_1
Added Pin To Net: NetName=NetR24_1 Pin=R24-1
Added Pin To Net: NetName=NetR24_1 Pin=R25-2
Added Pin To Net: NetName=NetR24_1 Pin=R26-2
Added Pin To Net: NetName=NetR24_1 Pin=VT1-1
Added Net: Name=NetR24_1
Added Pin To Net: NetName=NetR31_2 Pin=R31-2
Added Pin To Net: NetName=NetR31_2 Pin=VD14-2
Added Net: Name=NetR31_2
Added Pin To Net: NetName=NetR33_2 Pin=R33-2
Added Pin To Net: NetName=NetR33_2 Pin=VD17-2
Added Net: Name=NetR33_2
Added Pin To Net: NetName=NetR34_2 Pin=R34-2
Added Pin To Net: NetName=NetR34_2 Pin=VD18-2
Added Net: Name=NetR34_2
Added Pin To Net: NetName=NetR36_2 Pin=R36-2
Added Pin To Net: NetName=NetR36_2 Pin=SW1-1
Added Pin To Net: NetName=NetR36_2 Pin=VD19-1
Added Pin To Net: NetName=NetR36_2 Pin=XS?-2
Added Net: Name=NetR36_2
Added Pin To Net: NetName=NetR37_2 Pin=R37-2
Added Pin To Net: NetName=NetR37_2 Pin=R38-2
Added Pin To Net: NetName=NetR37_2 Pin=VD19-2
Added Pin To Net: NetName=NetR37_2 Pin=XS?-1
Added Net: Name=NetR37_2
Added Pin To Net: NetName=NetR38_1 Pin=R38-1
Added Pin To Net: NetName=NetR38_1 Pin=SW1-8
Added Net: Name=NetR38_1
Added Pin To Net: NetName=NetR39_1 Pin=R39-1
Added Pin To Net: NetName=NetR39_1 Pin=XP3-1
Added Net: Name=NetR39_1
Added Pin To Net: NetName=NetR40_1 Pin=R40-1
Added Pin To Net: NetName=NetR40_1 Pin=XP3-7
Added Pin To Net: NetName=NetR40_1 Pin=XP3-8
Added Net: Name=NetR40_1
Added Pin To Net: NetName=NetR41_1 Pin=R41-1
Added Pin To Net: NetName=NetR41_1 Pin=XP3-2
Added Net: Name=NetR41_1
Added Pin To Net: NetName=NetR42_1 Pin=R42-1
Added Pin To Net: NetName=NetR42_1 Pin=XP3-6
Added Net: Name=NetR42_1
Added Pin To Net: NetName=NetSW1_5 Pin=SW1-5
Added Pin To Net: NetName=NetSW1_5 Pin=XP3-9
Added Pin To Net: NetName=NetSW1_5 Pin=XP3-10
Added Net: Name=NetSW1_5
Added Pin To Net: NetName=NRST_MC Pin=C43-2
Added Pin To Net: NetName=NRST_MC Pin=DD2-7
Added Pin To Net: NetName=NRST_MC Pin=R35-2
Added Pin To Net: NetName=NRST_MC Pin=SB3-2
Added Pin To Net: NetName=NRST_MC Pin=SB3-2
Added Pin To Net: NetName=NRST_MC Pin=VD16-2
Added Pin To Net: NetName=NRST_MC Pin=XP4-5
Added Net: Name=NRST_MC
Added Pin To Net: NetName=NRST Pin=DD2-18
Added Pin To Net: NetName=NRST Pin=R39-2
Added Net: Name=NRST
Added Pin To Net: NetName=RS_RX Pin=DD2-13
Added Pin To Net: NetName=RS_RX Pin=DD3-2
Added Pin To Net: NetName=RS_RX Pin=VD13-1
Added Net: Name=RS_RX
Added Pin To Net: NetName=RS_TX Pin=DD2-12
Added Pin To Net: NetName=RS_TX Pin=DD3-3
Added Pin To Net: NetName=RS_TX Pin=VD12-1
Added Net: Name=RS_TX
Added Pin To Net: NetName=SWCLK_MC Pin=DD2-37
Added Pin To Net: NetName=SWCLK_MC Pin=XP4-2
Added Net: Name=SWCLK_MC
Added Pin To Net: NetName=SWCLK Pin=DD2-15
Added Pin To Net: NetName=SWCLK Pin=DD2-26
Added Pin To Net: NetName=SWCLK Pin=R42-2
Added Net: Name=SWCLK
Added Pin To Net: NetName=SWDIO_MC Pin=DD2-34
Added Pin To Net: NetName=SWDIO_MC Pin=R43-1
Added Pin To Net: NetName=SWDIO_MC Pin=XP4-4
Added Net: Name=SWDIO_MC
Added Pin To Net: NetName=SWDIO Pin=DD2-27
Added Pin To Net: NetName=SWDIO Pin=R29-2
Added Pin To Net: NetName=SWDIO Pin=R41-2
Added Net: Name=SWDIO
Added Pin To Net: NetName=USB_DM Pin=DA4-6
Added Pin To Net: NetName=USB_DM Pin=DD2-32
Added Net: Name=USB_DM
Added Pin To Net: NetName=USB_DP Pin=DA4-4
Added Pin To Net: NetName=USB_DP Pin=DD2-33
Added Net: Name=USB_DP
Added Pin To Net: NetName=USB_ReNumn Pin=DD2-38
Added Pin To Net: NetName=USB_ReNumn Pin=R26-1
Added Net: Name=USB_ReNumn
Added Class: Name=Sheet2
Added Room: Name=Sheet2
